2018-05-25 13:33:23 - PHP Warning:  Cannot modify header information - headers already sent by (output started at /home/nedopasc/public_html/config.php:1) in /home/nedopasc/public_html/system/storage/modification/catalog/controller/startup/seo_pro.php on line 344
2018-05-25 13:33:23 - PHP Warning:  Cannot modify header information - headers already sent by (output started at /home/nedopasc/public_html/config.php:1) in /home/nedopasc/public_html/system/storage/modification/system/library/response.php on line 12
2018-05-25 13:33:27 - PHP Notice:  Undefined index: newprice in /home/nedopasc/public_html/catalog/view/theme/marcjewelry/template/new_elements/product.tpl on line 10
2018-05-25 13:33:27 - PHP Notice:  Undefined index: custom_thumb in /home/nedopasc/public_html/catalog/view/theme/marcjewelry/template/new_elements/product.tpl on line 30
2018-05-25 13:33:27 - PHP Notice:  Undefined index: custom_thumb in /home/nedopasc/public_html/catalog/view/theme/marcjewelry/template/new_elements/product.tpl on line 37
2018-05-25 13:33:27 - PHP Notice:  Undefined index: newprice in /home/nedopasc/public_html/catalog/view/theme/marcjewelry/template/new_elements/product.tpl on line 97
2018-05-25 13:33:27 - PHP Notice:  Undefined index: newprice in /home/nedopasc/public_html/catalog/view/theme/marcjewelry/template/new_elements/product.tpl on line 10
2018-05-25 13:33:27 - PHP Notice:  Undefined index: custom_thumb in /home/nedopasc/public_html/catalog/view/theme/marcjewelry/template/new_elements/product.tpl on line 30
2018-05-25 13:33:27 - PHP Notice:  Undefined index: custom_thumb in /home/nedopasc/public_html/catalog/view/theme/marcjewelry/template/new_elements/product.tpl on line 37
2018-05-25 13:33:27 - PHP Notice:  Undefined index: newprice in /home/nedopasc/public_html/catalog/view/theme/marcjewelry/template/new_elements/product.tpl on line 97
2018-05-25 13:33:27 - PHP Notice:  Undefined index: newprice in /home/nedopasc/public_html/catalog/view/theme/marcjewelry/template/new_elements/product.tpl on line 10
2018-05-25 13:33:27 - PHP Notice:  Undefined index: custom_thumb in /home/nedopasc/public_html/catalog/view/theme/marcjewelry/template/new_elements/product.tpl on line 30
2018-05-25 13:33:27 - PHP Notice:  Undefined index: custom_thumb in /home/nedopasc/public_html/catalog/view/theme/marcjewelry/template/new_elements/product.tpl on line 37
2018-05-25 13:33:27 - PHP Notice:  Undefined index: newprice in /home/nedopasc/public_html/catalog/view/theme/marcjewelry/template/new_elements/product.tpl on line 97
2018-05-25 13:33:27 - PHP Notice:  Undefined index: newprice in /home/nedopasc/public_html/catalog/view/theme/marcjewelry/template/new_elements/product.tpl on line 10
2018-05-25 13:33:27 - PHP Notice:  Undefined index: custom_thumb in /home/nedopasc/public_html/catalog/view/theme/marcjewelry/template/new_elements/product.tpl on line 30
2018-05-25 13:33:27 - PHP Notice:  Undefined index: custom_thumb in /home/nedopasc/public_html/catalog/view/theme/marcjewelry/template/new_elements/product.tpl on line 37
2018-05-25 13:33:27 - PHP Notice:  Undefined index: newprice in /home/nedopasc/public_html/catalog/view/theme/marcjewelry/template/new_elements/product.tpl on line 97
2018-05-25 13:33:27 - PHP Notice:  Undefined index: newprice in /home/nedopasc/public_html/catalog/view/theme/marcjewelry/template/new_elements/product.tpl on line 10
2018-05-25 13:33:27 - PHP Notice:  Undefined index: custom_thumb in /home/nedopasc/public_html/catalog/view/theme/marcjewelry/template/new_elements/product.tpl on line 30
2018-05-25 13:33:27 - PHP Notice:  Undefined index: custom_thumb in /home/nedopasc/public_html/catalog/view/theme/marcjewelry/template/new_elements/product.tpl on line 37
2018-05-25 13:33:27 - PHP Notice:  Undefined index: newprice in /home/nedopasc/public_html/catalog/view/theme/marcjewelry/template/new_elements/product.tpl on line 97
2018-05-25 13:33:27 - PHP Notice:  Undefined index: newprice in /home/nedopasc/public_html/catalog/view/theme/marcjewelry/template/new_elements/product.tpl on line 10
2018-05-25 13:33:27 - PHP Notice:  Undefined index: custom_thumb in /home/nedopasc/public_html/catalog/view/theme/marcjewelry/template/new_elements/product.tpl on line 30
2018-05-25 13:33:27 - PHP Notice:  Undefined index: custom_thumb in /home/nedopasc/public_html/catalog/view/theme/marcjewelry/template/new_elements/product.tpl on line 37
2018-05-25 13:33:27 - PHP Notice:  Undefined index: newprice in /home/nedopasc/public_html/catalog/view/theme/marcjewelry/template/new_elements/product.tpl on line 97
2018-05-25 13:33:27 - PHP Notice:  Undefined index: newprice in /home/nedopasc/public_html/catalog/view/theme/marcjewelry/template/new_elements/product.tpl on line 10
2018-05-25 13:33:27 - PHP Notice:  Undefined index: custom_thumb in /home/nedopasc/public_html/catalog/view/theme/marcjewelry/template/new_elements/product.tpl on line 30
2018-05-25 13:33:27 - PHP Notice:  Undefined index: custom_thumb in /home/nedopasc/public_html/catalog/view/theme/marcjewelry/template/new_elements/product.tpl on line 37
2018-05-25 13:33:27 - PHP Notice:  Undefined index: newprice in /home/nedopasc/public_html/catalog/view/theme/marcjewelry/template/new_elements/product.tpl on line 97
2018-05-25 13:33:27 - PHP Notice:  Undefined index: custom_thumb in /home/nedopasc/public_html/catalog/view/theme/marcjewelry/template/new_elements/product.tpl on line 9
2018-05-25 13:33:27 - PHP Notice:  Undefined index: newprice in /home/nedopasc/public_html/catalog/view/theme/marcjewelry/template/new_elements/product.tpl on line 97
2018-05-25 13:33:27 - PHP Notice:  Undefined index: newprice in /home/nedopasc/public_html/catalog/view/theme/marcjewelry/template/new_elements/product.tpl on line 10
2018-05-25 13:33:27 - PHP Notice:  Undefined index: custom_thumb in /home/nedopasc/public_html/catalog/view/theme/marcjewelry/template/new_elements/product.tpl on line 30
2018-05-25 13:33:27 - PHP Notice:  Undefined index: custom_thumb in /home/nedopasc/public_html/catalog/view/theme/marcjewelry/template/new_elements/product.tpl on line 37
2018-05-25 13:33:27 - PHP Notice:  Undefined index: newprice in /home/nedopasc/public_html/catalog/view/theme/marcjewelry/template/new_elements/product.tpl on line 97
2018-05-25 13:33:27 - PHP Notice:  Undefined index: newprice in /home/nedopasc/public_html/catalog/view/theme/marcjewelry/template/new_elements/product.tpl on line 10
2018-05-25 13:33:27 - PHP Notice:  Undefined index: custom_thumb in /home/nedopasc/public_html/catalog/view/theme/marcjewelry/template/new_elements/product.tpl on line 30
2018-05-25 13:33:27 - PHP Notice:  Undefined index: custom_thumb in /home/nedopasc/public_html/catalog/view/theme/marcjewelry/template/new_elements/product.tpl on line 37
2018-05-25 13:33:27 - PHP Notice:  Undefined index: newprice in /home/nedopasc/public_html/catalog/view/theme/marcjewelry/template/new_elements/product.tpl on line 97
2018-05-25 13:33:27 - PHP Notice:  Undefined index: newprice in /home/nedopasc/public_html/catalog/view/theme/marcjewelry/template/new_elements/product.tpl on line 10
2018-05-25 13:33:27 - PHP Notice:  Undefined index: custom_thumb in /home/nedopasc/public_html/catalog/view/theme/marcjewelry/template/new_elements/product.tpl on line 30
2018-05-25 13:33:27 - PHP Notice:  Undefined index: custom_thumb in /home/nedopasc/public_html/catalog/view/theme/marcjewelry/template/new_elements/product.tpl on line 37
2018-05-25 13:33:27 - PHP Notice:  Undefined index: newprice in /home/nedopasc/public_html/catalog/view/theme/marcjewelry/template/new_elements/product.tpl on line 97
2018-05-25 13:33:27 - PHP Notice:  Undefined index: newprice in /home/nedopasc/public_html/catalog/view/theme/marcjewelry/template/new_elements/product.tpl on line 10
2018-05-25 13:33:27 - PHP Notice:  Undefined index: custom_thumb in /home/nedopasc/public_html/catalog/view/theme/marcjewelry/template/new_elements/product.tpl on line 30
2018-05-25 13:33:27 - PHP Notice:  Undefined index: custom_thumb in /home/nedopasc/public_html/catalog/view/theme/marcjewelry/template/new_elements/product.tpl on line 37
2018-05-25 13:33:27 - PHP Notice:  Undefined index: newprice in /home/nedopasc/public_html/catalog/view/theme/marcjewelry/template/new_elements/product.tpl on line 97
2018-05-25 13:33:27 - PHP Notice:  Undefined index: newprice in /home/nedopasc/public_html/catalog/view/theme/marcjewelry/template/new_elements/product.tpl on line 10
2018-05-25 13:33:27 - PHP Notice:  Undefined index: custom_thumb in /home/nedopasc/public_html/catalog/view/theme/marcjewelry/template/new_elements/product.tpl on line 30
2018-05-25 13:33:27 - PHP Notice:  Undefined index: custom_thumb in /home/nedopasc/public_html/catalog/view/theme/marcjewelry/template/new_elements/product.tpl on line 37
2018-05-25 13:33:27 - PHP Notice:  Undefined index: newprice in /home/nedopasc/public_html/catalog/view/theme/marcjewelry/template/new_elements/product.tpl on line 97
2018-05-25 13:33:27 - PHP Notice:  Undefined index: newprice in /home/nedopasc/public_html/catalog/view/theme/marcjewelry/template/new_elements/product.tpl on line 10
2018-05-25 13:33:27 - PHP Notice:  Undefined index: custom_thumb in /home/nedopasc/public_html/catalog/view/theme/marcjewelry/template/new_elements/product.tpl on line 30
2018-05-25 13:33:27 - PHP Notice:  Undefined index: custom_thumb in /home/nedopasc/public_html/catalog/view/theme/marcjewelry/template/new_elements/product.tpl on line 37
2018-05-25 13:33:27 - PHP Notice:  Undefined index: newprice in /home/nedopasc/public_html/catalog/view/theme/marcjewelry/template/new_elements/product.tpl on line 97
2018-05-25 13:33:27 - PHP Notice:  Undefined index: newprice in /home/nedopasc/public_html/catalog/view/theme/marcjewelry/template/new_elements/product.tpl on line 10
2018-05-25 13:33:27 - PHP Notice:  Undefined index: custom_thumb in /home/nedopasc/public_html/catalog/view/theme/marcjewelry/template/new_elements/product.tpl on line 30
2018-05-25 13:33:27 - PHP Notice:  Undefined index: custom_thumb in /home/nedopasc/public_html/catalog/view/theme/marcjewelry/template/new_elements/product.tpl on line 37
2018-05-25 13:33:27 - PHP Notice:  Undefined index: newprice in /home/nedopasc/public_html/catalog/view/theme/marcjewelry/template/new_elements/product.tpl on line 97
2018-05-25 13:33:27 - PHP Notice:  Undefined index: newprice in /home/nedopasc/public_html/catalog/view/theme/marcjewelry/template/new_elements/product.tpl on line 10
2018-05-25 13:33:27 - PHP Notice:  Undefined index: custom_thumb in /home/nedopasc/public_html/catalog/view/theme/marcjewelry/template/new_elements/product.tpl on line 30
2018-05-25 13:33:27 - PHP Notice:  Undefined index: custom_thumb in /home/nedopasc/public_html/catalog/view/theme/marcjewelry/template/new_elements/product.tpl on line 37
2018-05-25 13:33:27 - PHP Notice:  Undefined index: newprice in /home/nedopasc/public_html/catalog/view/theme/marcjewelry/template/new_elements/product.tpl on line 97
2018-05-25 13:33:27 - PHP Notice:  Undefined index: newprice in /home/nedopasc/public_html/catalog/view/theme/marcjewelry/template/new_elements/product.tpl on line 10
2018-05-25 13:33:27 - PHP Notice:  Undefined index: custom_thumb in /home/nedopasc/public_html/catalog/view/theme/marcjewelry/template/new_elements/product.tpl on line 30
2018-05-25 13:33:27 - PHP Notice:  Undefined index: custom_thumb in /home/nedopasc/public_html/catalog/view/theme/marcjewelry/template/new_elements/product.tpl on line 37
2018-05-25 13:33:27 - PHP Notice:  Undefined index: newprice in /home/nedopasc/public_html/catalog/view/theme/marcjewelry/template/new_elements/product.tpl on line 97
2018-05-25 13:33:27 - PHP Notice:  Undefined index: newprice in /home/nedopasc/public_html/catalog/view/theme/marcjewelry/template/new_elements/product.tpl on line 10
2018-05-25 13:33:27 - PHP Notice:  Undefined index: custom_thumb in /home/nedopasc/public_html/catalog/view/theme/marcjewelry/template/new_elements/product.tpl on line 30
2018-05-25 13:33:27 - PHP Notice:  Undefined index: custom_thumb in /home/nedopasc/public_html/catalog/view/theme/marcjewelry/template/new_elements/product.tpl on line 37
2018-05-25 13:33:27 - PHP Notice:  Undefined index: newprice in /home/nedopasc/public_html/catalog/view/theme/marcjewelry/template/new_elements/product.tpl on line 97
2018-05-25 13:33:27 - PHP Notice:  Undefined index: newprice in /home/nedopasc/public_html/catalog/view/theme/marcjewelry/template/new_elements/product.tpl on line 10
2018-05-25 13:33:27 - PHP Notice:  Undefined index: custom_thumb in /home/nedopasc/public_html/catalog/view/theme/marcjewelry/template/new_elements/product.tpl on line 30
2018-05-25 13:33:27 - PHP Notice:  Undefined index: custom_thumb in /home/nedopasc/public_html/catalog/view/theme/marcjewelry/template/new_elements/product.tpl on line 37
2018-05-25 13:33:27 - PHP Notice:  Undefined index: newprice in /home/nedopasc/public_html/catalog/view/theme/marcjewelry/template/new_elements/product.tpl on line 97
2018-05-25 13:33:27 - PHP Notice:  Undefined index: newprice in /home/nedopasc/public_html/catalog/view/theme/marcjewelry/template/new_elements/product.tpl on line 10
2018-05-25 13:33:27 - PHP Notice:  Undefined index: custom_thumb in /home/nedopasc/public_html/catalog/view/theme/marcjewelry/template/new_elements/product.tpl on line 30
2018-05-25 13:33:27 - PHP Notice:  Undefined index: custom_thumb in /home/nedopasc/public_html/catalog/view/theme/marcjewelry/template/new_elements/product.tpl on line 37
2018-05-25 13:33:27 - PHP Notice:  Undefined index: newprice in /home/nedopasc/public_html/catalog/view/theme/marcjewelry/template/new_elements/product.tpl on line 97
2018-05-25 13:33:27 - PHP Notice:  Undefined index: newprice in /home/nedopasc/public_html/catalog/view/theme/marcjewelry/template/new_elements/product.tpl on line 10
2018-05-25 13:33:27 - PHP Notice:  Undefined index: custom_thumb in /home/nedopasc/public_html/catalog/view/theme/marcjewelry/template/new_elements/product.tpl on line 30
2018-05-25 13:33:27 - PHP Notice:  Undefined index: custom_thumb in /home/nedopasc/public_html/catalog/view/theme/marcjewelry/template/new_elements/product.tpl on line 37
2018-05-25 13:33:27 - PHP Notice:  Undefined index: newprice in /home/nedopasc/public_html/catalog/view/theme/marcjewelry/template/new_elements/product.tpl on line 97
2018-05-25 13:33:27 - PHP Notice:  Undefined index: newprice in /home/nedopasc/public_html/catalog/view/theme/marcjewelry/template/new_elements/product.tpl on line 10
2018-05-25 13:33:27 - PHP Notice:  Undefined index: custom_thumb in /home/nedopasc/public_html/catalog/view/theme/marcjewelry/template/new_elements/product.tpl on line 30
2018-05-25 13:33:27 - PHP Notice:  Undefined index: custom_thumb in /home/nedopasc/public_html/catalog/view/theme/marcjewelry/template/new_elements/product.tpl on line 37
2018-05-25 13:33:27 - PHP Notice:  Undefined index: newprice in /home/nedopasc/public_html/catalog/view/theme/marcjewelry/template/new_elements/product.tpl on line 97
2018-05-25 13:33:27 - PHP Notice:  Undefined index: newprice in /home/nedopasc/public_html/catalog/view/theme/marcjewelry/template/new_elements/product.tpl on line 10
2018-05-25 13:33:27 - PHP Notice:  Undefined index: custom_thumb in /home/nedopasc/public_html/catalog/view/theme/marcjewelry/template/new_elements/product.tpl on line 30
2018-05-25 13:33:27 - PHP Notice:  Undefined index: custom_thumb in /home/nedopasc/public_html/catalog/view/theme/marcjewelry/template/new_elements/product.tpl on line 37
2018-05-25 13:33:27 - PHP Notice:  Undefined index: newprice in /home/nedopasc/public_html/catalog/view/theme/marcjewelry/template/new_elements/product.tpl on line 97
2018-05-25 13:33:27 - PHP Notice:  Undefined index: newprice in /home/nedopasc/public_html/catalog/view/theme/marcjewelry/template/new_elements/product.tpl on line 10
2018-05-25 13:33:27 - PHP Notice:  Undefined index: custom_thumb in /home/nedopasc/public_html/catalog/view/theme/marcjewelry/template/new_elements/product.tpl on line 30
2018-05-25 13:33:27 - PHP Notice:  Undefined index: custom_thumb in /home/nedopasc/public_html/catalog/view/theme/marcjewelry/template/new_elements/product.tpl on line 37
2018-05-25 13:33:27 - PHP Notice:  Undefined index: newprice in /home/nedopasc/public_html/catalog/view/theme/marcjewelry/template/new_elements/product.tpl on line 97
2018-05-25 13:33:27 - PHP Notice:  Undefined index: newprice in /home/nedopasc/public_html/catalog/view/theme/marcjewelry/template/new_elements/product.tpl on line 10
2018-05-25 13:33:27 - PHP Notice:  Undefined index: custom_thumb in /home/nedopasc/public_html/catalog/view/theme/marcjewelry/template/new_elements/product.tpl on line 30
2018-05-25 13:33:27 - PHP Notice:  Undefined index: custom_thumb in /home/nedopasc/public_html/catalog/view/theme/marcjewelry/template/new_elements/product.tpl on line 37
2018-05-25 13:33:27 - PHP Notice:  Undefined index: newprice in /home/nedopasc/public_html/catalog/view/theme/marcjewelry/template/new_elements/product.tpl on line 97
2018-05-25 13:33:27 - PHP Notice:  Undefined index: newprice in /home/nedopasc/public_html/catalog/view/theme/marcjewelry/template/new_elements/product.tpl on line 10
2018-05-25 13:33:27 - PHP Notice:  Undefined index: custom_thumb in /home/nedopasc/public_html/catalog/view/theme/marcjewelry/template/new_elements/product.tpl on line 30
2018-05-25 13:33:27 - PHP Notice:  Undefined index: custom_thumb in /home/nedopasc/public_html/catalog/view/theme/marcjewelry/template/new_elements/product.tpl on line 37
2018-05-25 13:33:27 - PHP Notice:  Undefined index: newprice in /home/nedopasc/public_html/catalog/view/theme/marcjewelry/template/new_elements/product.tpl on line 97
2018-05-25 13:33:27 - PHP Notice:  Undefined index: newprice in /home/nedopasc/public_html/catalog/view/theme/marcjewelry/template/new_elements/product.tpl on line 10
2018-05-25 13:33:27 - PHP Notice:  Undefined index: custom_thumb in /home/nedopasc/public_html/catalog/view/theme/marcjewelry/template/new_elements/product.tpl on line 30
2018-05-25 13:33:27 - PHP Notice:  Undefined index: custom_thumb in /home/nedopasc/public_html/catalog/view/theme/marcjewelry/template/new_elements/product.tpl on line 37
2018-05-25 13:33:27 - PHP Notice:  Undefined index: newprice in /home/nedopasc/public_html/catalog/view/theme/marcjewelry/template/new_elements/product.tpl on line 97
2018-05-25 13:33:27 - PHP Notice:  Undefined index: newprice in /home/nedopasc/public_html/catalog/view/theme/marcjewelry/template/new_elements/product.tpl on line 10
2018-05-25 13:33:27 - PHP Notice:  Undefined index: custom_thumb in /home/nedopasc/public_html/catalog/view/theme/marcjewelry/template/new_elements/product.tpl on line 30
2018-05-25 13:33:27 - PHP Notice:  Undefined index: custom_thumb in /home/nedopasc/public_html/catalog/view/theme/marcjewelry/template/new_elements/product.tpl on line 37
2018-05-25 13:33:27 - PHP Notice:  Undefined index: newprice in /home/nedopasc/public_html/catalog/view/theme/marcjewelry/template/new_elements/product.tpl on line 97
2018-05-25 13:33:27 - PHP Notice:  Undefined index: newprice in /home/nedopasc/public_html/catalog/view/theme/marcjewelry/template/new_elements/product.tpl on line 10
2018-05-25 13:33:27 - PHP Notice:  Undefined index: custom_thumb in /home/nedopasc/public_html/catalog/view/theme/marcjewelry/template/new_elements/product.tpl on line 30
2018-05-25 13:33:27 - PHP Notice:  Undefined index: custom_thumb in /home/nedopasc/public_html/catalog/view/theme/marcjewelry/template/new_elements/product.tpl on line 37
2018-05-25 13:33:27 - PHP Notice:  Undefined index: newprice in /home/nedopasc/public_html/catalog/view/theme/marcjewelry/template/new_elements/product.tpl on line 97
2018-05-25 13:33:27 - PHP Notice:  Undefined index: newprice in /home/nedopasc/public_html/catalog/view/theme/marcjewelry/template/new_elements/product.tpl on line 10
2018-05-25 13:33:27 - PHP Notice:  Undefined index: custom_thumb in /home/nedopasc/public_html/catalog/view/theme/marcjewelry/template/new_elements/product.tpl on line 30
2018-05-25 13:33:27 - PHP Notice:  Undefined index: custom_thumb in /home/nedopasc/public_html/catalog/view/theme/marcjewelry/template/new_elements/product.tpl on line 37
2018-05-25 13:33:27 - PHP Notice:  Undefined index: newprice in /home/nedopasc/public_html/catalog/view/theme/marcjewelry/template/new_elements/product.tpl on line 97
2018-05-25 13:33:27 - PHP Notice:  Undefined index: newprice in /home/nedopasc/public_html/catalog/view/theme/marcjewelry/template/new_elements/product.tpl on line 10
2018-05-25 13:33:27 - PHP Notice:  Undefined index: custom_thumb in /home/nedopasc/public_html/catalog/view/theme/marcjewelry/template/new_elements/product.tpl on line 30
2018-05-25 13:33:27 - PHP Notice:  Undefined index: custom_thumb in /home/nedopasc/public_html/catalog/view/theme/marcjewelry/template/new_elements/product.tpl on line 37
2018-05-25 13:33:27 - PHP Notice:  Undefined index: newprice in /home/nedopasc/public_html/catalog/view/theme/marcjewelry/template/new_elements/product.tpl on line 97
2018-05-25 13:33:27 - PHP Notice:  Undefined index: newprice in /home/nedopasc/public_html/catalog/view/theme/marcjewelry/template/new_elements/product.tpl on line 10
2018-05-25 13:33:27 - PHP Notice:  Undefined index: custom_thumb in /home/nedopasc/public_html/catalog/view/theme/marcjewelry/template/new_elements/product.tpl on line 30
2018-05-25 13:33:27 - PHP Notice:  Undefined index: custom_thumb in /home/nedopasc/public_html/catalog/view/theme/marcjewelry/template/new_elements/product.tpl on line 37
2018-05-25 13:33:27 - PHP Notice:  Undefined index: newprice in /home/nedopasc/public_html/catalog/view/theme/marcjewelry/template/new_elements/product.tpl on line 97
2018-05-25 13:33:27 - PHP Notice:  Undefined index: newprice in /home/nedopasc/public_html/catalog/view/theme/marcjewelry/template/new_elements/product.tpl on line 10
2018-05-25 13:33:27 - PHP Notice:  Undefined index: custom_thumb in /home/nedopasc/public_html/catalog/view/theme/marcjewelry/template/new_elements/product.tpl on line 30
2018-05-25 13:33:27 - PHP Notice:  Undefined index: custom_thumb in /home/nedopasc/public_html/catalog/view/theme/marcjewelry/template/new_elements/product.tpl on line 37
2018-05-25 13:33:27 - PHP Notice:  Undefined index: newprice in /home/nedopasc/public_html/catalog/view/theme/marcjewelry/template/new_elements/product.tpl on line 97
2018-05-25 13:33:27 - PHP Notice:  Undefined index: newprice in /home/nedopasc/public_html/catalog/view/theme/marcjewelry/template/new_elements/product.tpl on line 10
2018-05-25 13:33:27 - PHP Notice:  Undefined index: custom_thumb in /home/nedopasc/public_html/catalog/view/theme/marcjewelry/template/new_elements/product.tpl on line 30
2018-05-25 13:33:27 - PHP Notice:  Undefined index: custom_thumb in /home/nedopasc/public_html/catalog/view/theme/marcjewelry/template/new_elements/product.tpl on line 37
2018-05-25 13:33:27 - PHP Notice:  Undefined index: newprice in /home/nedopasc/public_html/catalog/view/theme/marcjewelry/template/new_elements/product.tpl on line 97
2018-05-25 13:33:27 - PHP Notice:  Undefined index: newprice in /home/nedopasc/public_html/catalog/view/theme/marcjewelry/template/new_elements/product.tpl on line 10
2018-05-25 13:33:27 - PHP Notice:  Undefined index: custom_thumb in /home/nedopasc/public_html/catalog/view/theme/marcjewelry/template/new_elements/product.tpl on line 30
2018-05-25 13:33:27 - PHP Notice:  Undefined index: custom_thumb in /home/nedopasc/public_html/catalog/view/theme/marcjewelry/template/new_elements/product.tpl on line 37
2018-05-25 13:33:27 - PHP Notice:  Undefined index: newprice in /home/nedopasc/public_html/catalog/view/theme/marcjewelry/template/new_elements/product.tpl on line 97
2018-05-25 13:33:27 - PHP Notice:  Undefined index: newprice in /home/nedopasc/public_html/catalog/view/theme/marcjewelry/template/new_elements/product.tpl on line 10
2018-05-25 13:33:27 - PHP Notice:  Undefined index: custom_thumb in /home/nedopasc/public_html/catalog/view/theme/marcjewelry/template/new_elements/product.tpl on line 30
2018-05-25 13:33:27 - PHP Notice:  Undefined index: custom_thumb in /home/nedopasc/public_html/catalog/view/theme/marcjewelry/template/new_elements/product.tpl on line 37
2018-05-25 13:33:27 - PHP Notice:  Undefined index: newprice in /home/nedopasc/public_html/catalog/view/theme/marcjewelry/template/new_elements/product.tpl on line 97
2018-05-25 13:33:27 - PHP Notice:  Undefined index: newprice in /home/nedopasc/public_html/catalog/view/theme/marcjewelry/template/new_elements/product.tpl on line 10
2018-05-25 13:33:27 - PHP Notice:  Undefined index: custom_thumb in /home/nedopasc/public_html/catalog/view/theme/marcjewelry/template/new_elements/product.tpl on line 30
2018-05-25 13:33:27 - PHP Notice:  Undefined index: custom_thumb in /home/nedopasc/public_html/catalog/view/theme/marcjewelry/template/new_elements/product.tpl on line 37
2018-05-25 13:33:27 - PHP Notice:  Undefined index: newprice in /home/nedopasc/public_html/catalog/view/theme/marcjewelry/template/new_elements/product.tpl on line 97
2018-05-25 13:33:32 - PHP Notice:  Undefined index: newprice in /home/nedopasc/public_html/catalog/view/theme/marcjewelry/template/new_elements/product.tpl on line 10
2018-05-25 13:33:32 - PHP Notice:  Undefined index: custom_thumb in /home/nedopasc/public_html/catalog/view/theme/marcjewelry/template/new_elements/product.tpl on line 30
2018-05-25 13:33:32 - PHP Notice:  Undefined index: custom_thumb in /home/nedopasc/public_html/catalog/view/theme/marcjewelry/template/new_elements/product.tpl on line 37
2018-05-25 13:33:32 - PHP Notice:  Undefined index: newprice in /home/nedopasc/public_html/catalog/view/theme/marcjewelry/template/new_elements/product.tpl on line 97
2018-05-25 13:33:32 - PHP Notice:  Undefined index: newprice in /home/nedopasc/public_html/catalog/view/theme/marcjewelry/template/new_elements/product.tpl on line 10
2018-05-25 13:33:32 - PHP Notice:  Undefined index: custom_thumb in /home/nedopasc/public_html/catalog/view/theme/marcjewelry/template/new_elements/product.tpl on line 30
2018-05-25 13:33:32 - PHP Notice:  Undefined index: custom_thumb in /home/nedopasc/public_html/catalog/view/theme/marcjewelry/template/new_elements/product.tpl on line 37
2018-05-25 13:33:32 - PHP Notice:  Undefined index: newprice in /home/nedopasc/public_html/catalog/view/theme/marcjewelry/template/new_elements/product.tpl on line 97
2018-05-25 13:33:32 - PHP Notice:  Undefined index: newprice in /home/nedopasc/public_html/catalog/view/theme/marcjewelry/template/new_elements/product.tpl on line 10
2018-05-25 13:33:32 - PHP Notice:  Undefined index: custom_thumb in /home/nedopasc/public_html/catalog/view/theme/marcjewelry/template/new_elements/product.tpl on line 30
2018-05-25 13:33:32 - PHP Notice:  Undefined index: custom_thumb in /home/nedopasc/public_html/catalog/view/theme/marcjewelry/template/new_elements/product.tpl on line 37
2018-05-25 13:33:32 - PHP Notice:  Undefined index: newprice in /home/nedopasc/public_html/catalog/view/theme/marcjewelry/template/new_elements/product.tpl on line 97
2018-05-25 13:33:32 - PHP Notice:  Undefined index: newprice in /home/nedopasc/public_html/catalog/view/theme/marcjewelry/template/new_elements/product.tpl on line 10
2018-05-25 13:33:32 - PHP Notice:  Undefined index: custom_thumb in /home/nedopasc/public_html/catalog/view/theme/marcjewelry/template/new_elements/product.tpl on line 30
2018-05-25 13:33:32 - PHP Notice:  Undefined index: custom_thumb in /home/nedopasc/public_html/catalog/view/theme/marcjewelry/template/new_elements/product.tpl on line 37
2018-05-25 13:33:32 - PHP Notice:  Undefined index: newprice in /home/nedopasc/public_html/catalog/view/theme/marcjewelry/template/new_elements/product.tpl on line 97
2018-05-25 13:33:32 - PHP Notice:  Undefined index: newprice in /home/nedopasc/public_html/catalog/view/theme/marcjewelry/template/new_elements/product.tpl on line 10
2018-05-25 13:33:32 - PHP Notice:  Undefined index: custom_thumb in /home/nedopasc/public_html/catalog/view/theme/marcjewelry/template/new_elements/product.tpl on line 30
2018-05-25 13:33:32 - PHP Notice:  Undefined index: custom_thumb in /home/nedopasc/public_html/catalog/view/theme/marcjewelry/template/new_elements/product.tpl on line 37
2018-05-25 13:33:32 - PHP Notice:  Undefined index: newprice in /home/nedopasc/public_html/catalog/view/theme/marcjewelry/template/new_elements/product.tpl on line 97
2018-05-25 13:33:32 - PHP Notice:  Undefined index: newprice in /home/nedopasc/public_html/catalog/view/theme/marcjewelry/template/new_elements/product.tpl on line 10
2018-05-25 13:33:32 - PHP Notice:  Undefined index: custom_thumb in /home/nedopasc/public_html/catalog/view/theme/marcjewelry/template/new_elements/product.tpl on line 30
2018-05-25 13:33:32 - PHP Notice:  Undefined index: custom_thumb in /home/nedopasc/public_html/catalog/view/theme/marcjewelry/template/new_elements/product.tpl on line 37
2018-05-25 13:33:32 - PHP Notice:  Undefined index: newprice in /home/nedopasc/public_html/catalog/view/theme/marcjewelry/template/new_elements/product.tpl on line 97
2018-05-25 13:33:32 - PHP Notice:  Undefined index: newprice in /home/nedopasc/public_html/catalog/view/theme/marcjewelry/template/new_elements/product.tpl on line 10
2018-05-25 13:33:32 - PHP Notice:  Undefined index: custom_thumb in /home/nedopasc/public_html/catalog/view/theme/marcjewelry/template/new_elements/product.tpl on line 30
2018-05-25 13:33:32 - PHP Notice:  Undefined index: custom_thumb in /home/nedopasc/public_html/catalog/view/theme/marcjewelry/template/new_elements/product.tpl on line 37
2018-05-25 13:33:32 - PHP Notice:  Undefined index: newprice in /home/nedopasc/public_html/catalog/view/theme/marcjewelry/template/new_elements/product.tpl on line 97
2018-05-25 13:33:32 - PHP Notice:  Undefined index: custom_thumb in /home/nedopasc/public_html/catalog/view/theme/marcjewelry/template/new_elements/product.tpl on line 9
2018-05-25 13:33:32 - PHP Notice:  Undefined index: newprice in /home/nedopasc/public_html/catalog/view/theme/marcjewelry/template/new_elements/product.tpl on line 97
2018-05-25 13:33:32 - PHP Notice:  Undefined index: newprice in /home/nedopasc/public_html/catalog/view/theme/marcjewelry/template/new_elements/product.tpl on line 10
2018-05-25 13:33:32 - PHP Notice:  Undefined index: custom_thumb in /home/nedopasc/public_html/catalog/view/theme/marcjewelry/template/new_elements/product.tpl on line 30
2018-05-25 13:33:32 - PHP Notice:  Undefined index: custom_thumb in /home/nedopasc/public_html/catalog/view/theme/marcjewelry/template/new_elements/product.tpl on line 37
2018-05-25 13:33:32 - PHP Notice:  Undefined index: newprice in /home/nedopasc/public_html/catalog/view/theme/marcjewelry/template/new_elements/product.tpl on line 97
2018-05-25 13:33:32 - PHP Notice:  Undefined index: newprice in /home/nedopasc/public_html/catalog/view/theme/marcjewelry/template/new_elements/product.tpl on line 10
2018-05-25 13:33:32 - PHP Notice:  Undefined index: custom_thumb in /home/nedopasc/public_html/catalog/view/theme/marcjewelry/template/new_elements/product.tpl on line 30
2018-05-25 13:33:32 - PHP Notice:  Undefined index: custom_thumb in /home/nedopasc/public_html/catalog/view/theme/marcjewelry/template/new_elements/product.tpl on line 37
2018-05-25 13:33:32 - PHP Notice:  Undefined index: newprice in /home/nedopasc/public_html/catalog/view/theme/marcjewelry/template/new_elements/product.tpl on line 97
2018-05-25 13:33:32 - PHP Notice:  Undefined index: newprice in /home/nedopasc/public_html/catalog/view/theme/marcjewelry/template/new_elements/product.tpl on line 10
2018-05-25 13:33:32 - PHP Notice:  Undefined index: custom_thumb in /home/nedopasc/public_html/catalog/view/theme/marcjewelry/template/new_elements/product.tpl on line 30
2018-05-25 13:33:32 - PHP Notice:  Undefined index: custom_thumb in /home/nedopasc/public_html/catalog/view/theme/marcjewelry/template/new_elements/product.tpl on line 37
2018-05-25 13:33:32 - PHP Notice:  Undefined index: newprice in /home/nedopasc/public_html/catalog/view/theme/marcjewelry/template/new_elements/product.tpl on line 97
2018-05-25 13:33:32 - PHP Notice:  Undefined index: newprice in /home/nedopasc/public_html/catalog/view/theme/marcjewelry/template/new_elements/product.tpl on line 10
2018-05-25 13:33:32 - PHP Notice:  Undefined index: custom_thumb in /home/nedopasc/public_html/catalog/view/theme/marcjewelry/template/new_elements/product.tpl on line 30
2018-05-25 13:33:32 - PHP Notice:  Undefined index: custom_thumb in /home/nedopasc/public_html/catalog/view/theme/marcjewelry/template/new_elements/product.tpl on line 37
2018-05-25 13:33:32 - PHP Notice:  Undefined index: newprice in /home/nedopasc/public_html/catalog/view/theme/marcjewelry/template/new_elements/product.tpl on line 97
2018-05-25 13:33:32 - PHP Notice:  Undefined index: newprice in /home/nedopasc/public_html/catalog/view/theme/marcjewelry/template/new_elements/product.tpl on line 10
2018-05-25 13:33:32 - PHP Notice:  Undefined index: custom_thumb in /home/nedopasc/public_html/catalog/view/theme/marcjewelry/template/new_elements/product.tpl on line 30
2018-05-25 13:33:32 - PHP Notice:  Undefined index: custom_thumb in /home/nedopasc/public_html/catalog/view/theme/marcjewelry/template/new_elements/product.tpl on line 37
2018-05-25 13:33:32 - PHP Notice:  Undefined index: newprice in /home/nedopasc/public_html/catalog/view/theme/marcjewelry/template/new_elements/product.tpl on line 97
2018-05-25 13:33:32 - PHP Notice:  Undefined index: newprice in /home/nedopasc/public_html/catalog/view/theme/marcjewelry/template/new_elements/product.tpl on line 10
2018-05-25 13:33:32 - PHP Notice:  Undefined index: custom_thumb in /home/nedopasc/public_html/catalog/view/theme/marcjewelry/template/new_elements/product.tpl on line 30
2018-05-25 13:33:32 - PHP Notice:  Undefined index: custom_thumb in /home/nedopasc/public_html/catalog/view/theme/marcjewelry/template/new_elements/product.tpl on line 37
2018-05-25 13:33:32 - PHP Notice:  Undefined index: newprice in /home/nedopasc/public_html/catalog/view/theme/marcjewelry/template/new_elements/product.tpl on line 97
2018-05-25 13:33:32 - PHP Notice:  Undefined index: newprice in /home/nedopasc/public_html/catalog/view/theme/marcjewelry/template/new_elements/product.tpl on line 10
2018-05-25 13:33:32 - PHP Notice:  Undefined index: custom_thumb in /home/nedopasc/public_html/catalog/view/theme/marcjewelry/template/new_elements/product.tpl on line 30
2018-05-25 13:33:32 - PHP Notice:  Undefined index: custom_thumb in /home/nedopasc/public_html/catalog/view/theme/marcjewelry/template/new_elements/product.tpl on line 37
2018-05-25 13:33:32 - PHP Notice:  Undefined index: newprice in /home/nedopasc/public_html/catalog/view/theme/marcjewelry/template/new_elements/product.tpl on line 97
2018-05-25 13:33:32 - PHP Notice:  Undefined index: newprice in /home/nedopasc/public_html/catalog/view/theme/marcjewelry/template/new_elements/product.tpl on line 10
2018-05-25 13:33:32 - PHP Notice:  Undefined index: custom_thumb in /home/nedopasc/public_html/catalog/view/theme/marcjewelry/template/new_elements/product.tpl on line 30
2018-05-25 13:33:32 - PHP Notice:  Undefined index: custom_thumb in /home/nedopasc/public_html/catalog/view/theme/marcjewelry/template/new_elements/product.tpl on line 37
2018-05-25 13:33:32 - PHP Notice:  Undefined index: newprice in /home/nedopasc/public_html/catalog/view/theme/marcjewelry/template/new_elements/product.tpl on line 97
2018-05-25 13:33:32 - PHP Notice:  Undefined index: newprice in /home/nedopasc/public_html/catalog/view/theme/marcjewelry/template/new_elements/product.tpl on line 10
2018-05-25 13:33:32 - PHP Notice:  Undefined index: custom_thumb in /home/nedopasc/public_html/catalog/view/theme/marcjewelry/template/new_elements/product.tpl on line 30
2018-05-25 13:33:32 - PHP Notice:  Undefined index: custom_thumb in /home/nedopasc/public_html/catalog/view/theme/marcjewelry/template/new_elements/product.tpl on line 37
2018-05-25 13:33:32 - PHP Notice:  Undefined index: newprice in /home/nedopasc/public_html/catalog/view/theme/marcjewelry/template/new_elements/product.tpl on line 97
2018-05-25 13:33:32 - PHP Notice:  Undefined index: newprice in /home/nedopasc/public_html/catalog/view/theme/marcjewelry/template/new_elements/product.tpl on line 10
2018-05-25 13:33:32 - PHP Notice:  Undefined index: custom_thumb in /home/nedopasc/public_html/catalog/view/theme/marcjewelry/template/new_elements/product.tpl on line 30
2018-05-25 13:33:32 - PHP Notice:  Undefined index: custom_thumb in /home/nedopasc/public_html/catalog/view/theme/marcjewelry/template/new_elements/product.tpl on line 37
2018-05-25 13:33:32 - PHP Notice:  Undefined index: newprice in /home/nedopasc/public_html/catalog/view/theme/marcjewelry/template/new_elements/product.tpl on line 97
2018-05-25 13:33:32 - PHP Notice:  Undefined index: newprice in /home/nedopasc/public_html/catalog/view/theme/marcjewelry/template/new_elements/product.tpl on line 10
2018-05-25 13:33:32 - PHP Notice:  Undefined index: custom_thumb in /home/nedopasc/public_html/catalog/view/theme/marcjewelry/template/new_elements/product.tpl on line 30
2018-05-25 13:33:32 - PHP Notice:  Undefined index: custom_thumb in /home/nedopasc/public_html/catalog/view/theme/marcjewelry/template/new_elements/product.tpl on line 37
2018-05-25 13:33:32 - PHP Notice:  Undefined index: newprice in /home/nedopasc/public_html/catalog/view/theme/marcjewelry/template/new_elements/product.tpl on line 97
2018-05-25 13:33:32 - PHP Notice:  Undefined index: newprice in /home/nedopasc/public_html/catalog/view/theme/marcjewelry/template/new_elements/product.tpl on line 10
2018-05-25 13:33:32 - PHP Notice:  Undefined index: custom_thumb in /home/nedopasc/public_html/catalog/view/theme/marcjewelry/template/new_elements/product.tpl on line 30
2018-05-25 13:33:32 - PHP Notice:  Undefined index: custom_thumb in /home/nedopasc/public_html/catalog/view/theme/marcjewelry/template/new_elements/product.tpl on line 37
2018-05-25 13:33:32 - PHP Notice:  Undefined index: newprice in /home/nedopasc/public_html/catalog/view/theme/marcjewelry/template/new_elements/product.tpl on line 97
2018-05-25 13:33:32 - PHP Notice:  Undefined index: newprice in /home/nedopasc/public_html/catalog/view/theme/marcjewelry/template/new_elements/product.tpl on line 10
2018-05-25 13:33:32 - PHP Notice:  Undefined index: custom_thumb in /home/nedopasc/public_html/catalog/view/theme/marcjewelry/template/new_elements/product.tpl on line 30
2018-05-25 13:33:32 - PHP Notice:  Undefined index: custom_thumb in /home/nedopasc/public_html/catalog/view/theme/marcjewelry/template/new_elements/product.tpl on line 37
2018-05-25 13:33:32 - PHP Notice:  Undefined index: newprice in /home/nedopasc/public_html/catalog/view/theme/marcjewelry/template/new_elements/product.tpl on line 97
2018-05-25 13:33:32 - PHP Notice:  Undefined index: newprice in /home/nedopasc/public_html/catalog/view/theme/marcjewelry/template/new_elements/product.tpl on line 10
2018-05-25 13:33:32 - PHP Notice:  Undefined index: custom_thumb in /home/nedopasc/public_html/catalog/view/theme/marcjewelry/template/new_elements/product.tpl on line 30
2018-05-25 13:33:32 - PHP Notice:  Undefined index: custom_thumb in /home/nedopasc/public_html/catalog/view/theme/marcjewelry/template/new_elements/product.tpl on line 37
2018-05-25 13:33:32 - PHP Notice:  Undefined index: newprice in /home/nedopasc/public_html/catalog/view/theme/marcjewelry/template/new_elements/product.tpl on line 97
2018-05-25 13:33:32 - PHP Notice:  Undefined index: newprice in /home/nedopasc/public_html/catalog/view/theme/marcjewelry/template/new_elements/product.tpl on line 10
2018-05-25 13:33:32 - PHP Notice:  Undefined index: custom_thumb in /home/nedopasc/public_html/catalog/view/theme/marcjewelry/template/new_elements/product.tpl on line 30
2018-05-25 13:33:32 - PHP Notice:  Undefined index: custom_thumb in /home/nedopasc/public_html/catalog/view/theme/marcjewelry/template/new_elements/product.tpl on line 37
2018-05-25 13:33:32 - PHP Notice:  Undefined index: newprice in /home/nedopasc/public_html/catalog/view/theme/marcjewelry/template/new_elements/product.tpl on line 97
2018-05-25 13:33:32 - PHP Notice:  Undefined index: newprice in /home/nedopasc/public_html/catalog/view/theme/marcjewelry/template/new_elements/product.tpl on line 10
2018-05-25 13:33:32 - PHP Notice:  Undefined index: custom_thumb in /home/nedopasc/public_html/catalog/view/theme/marcjewelry/template/new_elements/product.tpl on line 30
2018-05-25 13:33:32 - PHP Notice:  Undefined index: custom_thumb in /home/nedopasc/public_html/catalog/view/theme/marcjewelry/template/new_elements/product.tpl on line 37
2018-05-25 13:33:32 - PHP Notice:  Undefined index: newprice in /home/nedopasc/public_html/catalog/view/theme/marcjewelry/template/new_elements/product.tpl on line 97
2018-05-25 13:33:32 - PHP Notice:  Undefined index: newprice in /home/nedopasc/public_html/catalog/view/theme/marcjewelry/template/new_elements/product.tpl on line 10
2018-05-25 13:33:32 - PHP Notice:  Undefined index: custom_thumb in /home/nedopasc/public_html/catalog/view/theme/marcjewelry/template/new_elements/product.tpl on line 30
2018-05-25 13:33:32 - PHP Notice:  Undefined index: custom_thumb in /home/nedopasc/public_html/catalog/view/theme/marcjewelry/template/new_elements/product.tpl on line 37
2018-05-25 13:33:32 - PHP Notice:  Undefined index: newprice in /home/nedopasc/public_html/catalog/view/theme/marcjewelry/template/new_elements/product.tpl on line 97
2018-05-25 13:33:32 - PHP Notice:  Undefined index: newprice in /home/nedopasc/public_html/catalog/view/theme/marcjewelry/template/new_elements/product.tpl on line 10
2018-05-25 13:33:32 - PHP Notice:  Undefined index: custom_thumb in /home/nedopasc/public_html/catalog/view/theme/marcjewelry/template/new_elements/product.tpl on line 30
2018-05-25 13:33:32 - PHP Notice:  Undefined index: custom_thumb in /home/nedopasc/public_html/catalog/view/theme/marcjewelry/template/new_elements/product.tpl on line 37
2018-05-25 13:33:32 - PHP Notice:  Undefined index: newprice in /home/nedopasc/public_html/catalog/view/theme/marcjewelry/template/new_elements/product.tpl on line 97
2018-05-25 13:33:32 - PHP Notice:  Undefined index: newprice in /home/nedopasc/public_html/catalog/view/theme/marcjewelry/template/new_elements/product.tpl on line 10
2018-05-25 13:33:32 - PHP Notice:  Undefined index: custom_thumb in /home/nedopasc/public_html/catalog/view/theme/marcjewelry/template/new_elements/product.tpl on line 30
2018-05-25 13:33:32 - PHP Notice:  Undefined index: custom_thumb in /home/nedopasc/public_html/catalog/view/theme/marcjewelry/template/new_elements/product.tpl on line 37
2018-05-25 13:33:32 - PHP Notice:  Undefined index: newprice in /home/nedopasc/public_html/catalog/view/theme/marcjewelry/template/new_elements/product.tpl on line 97
2018-05-25 13:33:32 - PHP Notice:  Undefined index: newprice in /home/nedopasc/public_html/catalog/view/theme/marcjewelry/template/new_elements/product.tpl on line 10
2018-05-25 13:33:32 - PHP Notice:  Undefined index: custom_thumb in /home/nedopasc/public_html/catalog/view/theme/marcjewelry/template/new_elements/product.tpl on line 30
2018-05-25 13:33:32 - PHP Notice:  Undefined index: custom_thumb in /home/nedopasc/public_html/catalog/view/theme/marcjewelry/template/new_elements/product.tpl on line 37
2018-05-25 13:33:32 - PHP Notice:  Undefined index: newprice in /home/nedopasc/public_html/catalog/view/theme/marcjewelry/template/new_elements/product.tpl on line 97
2018-05-25 13:33:32 - PHP Notice:  Undefined index: newprice in /home/nedopasc/public_html/catalog/view/theme/marcjewelry/template/new_elements/product.tpl on line 10
2018-05-25 13:33:32 - PHP Notice:  Undefined index: custom_thumb in /home/nedopasc/public_html/catalog/view/theme/marcjewelry/template/new_elements/product.tpl on line 30
2018-05-25 13:33:32 - PHP Notice:  Undefined index: custom_thumb in /home/nedopasc/public_html/catalog/view/theme/marcjewelry/template/new_elements/product.tpl on line 37
2018-05-25 13:33:32 - PHP Notice:  Undefined index: newprice in /home/nedopasc/public_html/catalog/view/theme/marcjewelry/template/new_elements/product.tpl on line 97
2018-05-25 13:33:32 - PHP Notice:  Undefined index: newprice in /home/nedopasc/public_html/catalog/view/theme/marcjewelry/template/new_elements/product.tpl on line 10
2018-05-25 13:33:32 - PHP Notice:  Undefined index: custom_thumb in /home/nedopasc/public_html/catalog/view/theme/marcjewelry/template/new_elements/product.tpl on line 30
2018-05-25 13:33:32 - PHP Notice:  Undefined index: custom_thumb in /home/nedopasc/public_html/catalog/view/theme/marcjewelry/template/new_elements/product.tpl on line 37
2018-05-25 13:33:32 - PHP Notice:  Undefined index: newprice in /home/nedopasc/public_html/catalog/view/theme/marcjewelry/template/new_elements/product.tpl on line 97
2018-05-25 13:33:32 - PHP Notice:  Undefined index: newprice in /home/nedopasc/public_html/catalog/view/theme/marcjewelry/template/new_elements/product.tpl on line 10
2018-05-25 13:33:32 - PHP Notice:  Undefined index: custom_thumb in /home/nedopasc/public_html/catalog/view/theme/marcjewelry/template/new_elements/product.tpl on line 30
2018-05-25 13:33:32 - PHP Notice:  Undefined index: custom_thumb in /home/nedopasc/public_html/catalog/view/theme/marcjewelry/template/new_elements/product.tpl on line 37
2018-05-25 13:33:32 - PHP Notice:  Undefined index: newprice in /home/nedopasc/public_html/catalog/view/theme/marcjewelry/template/new_elements/product.tpl on line 97
2018-05-25 13:33:32 - PHP Notice:  Undefined index: newprice in /home/nedopasc/public_html/catalog/view/theme/marcjewelry/template/new_elements/product.tpl on line 10
2018-05-25 13:33:32 - PHP Notice:  Undefined index: custom_thumb in /home/nedopasc/public_html/catalog/view/theme/marcjewelry/template/new_elements/product.tpl on line 30
2018-05-25 13:33:32 - PHP Notice:  Undefined index: custom_thumb in /home/nedopasc/public_html/catalog/view/theme/marcjewelry/template/new_elements/product.tpl on line 37
2018-05-25 13:33:32 - PHP Notice:  Undefined index: newprice in /home/nedopasc/public_html/catalog/view/theme/marcjewelry/template/new_elements/product.tpl on line 97
2018-05-25 13:33:32 - PHP Notice:  Undefined index: newprice in /home/nedopasc/public_html/catalog/view/theme/marcjewelry/template/new_elements/product.tpl on line 10
2018-05-25 13:33:32 - PHP Notice:  Undefined index: custom_thumb in /home/nedopasc/public_html/catalog/view/theme/marcjewelry/template/new_elements/product.tpl on line 30
2018-05-25 13:33:32 - PHP Notice:  Undefined index: custom_thumb in /home/nedopasc/public_html/catalog/view/theme/marcjewelry/template/new_elements/product.tpl on line 37
2018-05-25 13:33:32 - PHP Notice:  Undefined index: newprice in /home/nedopasc/public_html/catalog/view/theme/marcjewelry/template/new_elements/product.tpl on line 97
2018-05-25 13:33:32 - PHP Notice:  Undefined index: newprice in /home/nedopasc/public_html/catalog/view/theme/marcjewelry/template/new_elements/product.tpl on line 10
2018-05-25 13:33:32 - PHP Notice:  Undefined index: custom_thumb in /home/nedopasc/public_html/catalog/view/theme/marcjewelry/template/new_elements/product.tpl on line 30
2018-05-25 13:33:32 - PHP Notice:  Undefined index: custom_thumb in /home/nedopasc/public_html/catalog/view/theme/marcjewelry/template/new_elements/product.tpl on line 37
2018-05-25 13:33:32 - PHP Notice:  Undefined index: newprice in /home/nedopasc/public_html/catalog/view/theme/marcjewelry/template/new_elements/product.tpl on line 97
2018-05-25 13:33:32 - PHP Notice:  Undefined index: newprice in /home/nedopasc/public_html/catalog/view/theme/marcjewelry/template/new_elements/product.tpl on line 10
2018-05-25 13:33:32 - PHP Notice:  Undefined index: custom_thumb in /home/nedopasc/public_html/catalog/view/theme/marcjewelry/template/new_elements/product.tpl on line 30
2018-05-25 13:33:32 - PHP Notice:  Undefined index: custom_thumb in /home/nedopasc/public_html/catalog/view/theme/marcjewelry/template/new_elements/product.tpl on line 37
2018-05-25 13:33:32 - PHP Notice:  Undefined index: newprice in /home/nedopasc/public_html/catalog/view/theme/marcjewelry/template/new_elements/product.tpl on line 97
2018-05-25 13:33:32 - PHP Notice:  Undefined index: newprice in /home/nedopasc/public_html/catalog/view/theme/marcjewelry/template/new_elements/product.tpl on line 10
2018-05-25 13:33:32 - PHP Notice:  Undefined index: custom_thumb in /home/nedopasc/public_html/catalog/view/theme/marcjewelry/template/new_elements/product.tpl on line 30
2018-05-25 13:33:32 - PHP Notice:  Undefined index: custom_thumb in /home/nedopasc/public_html/catalog/view/theme/marcjewelry/template/new_elements/product.tpl on line 37
2018-05-25 13:33:32 - PHP Notice:  Undefined index: newprice in /home/nedopasc/public_html/catalog/view/theme/marcjewelry/template/new_elements/product.tpl on line 97
2018-05-25 13:33:32 - PHP Notice:  Undefined index: newprice in /home/nedopasc/public_html/catalog/view/theme/marcjewelry/template/new_elements/product.tpl on line 10
2018-05-25 13:33:32 - PHP Notice:  Undefined index: custom_thumb in /home/nedopasc/public_html/catalog/view/theme/marcjewelry/template/new_elements/product.tpl on line 30
2018-05-25 13:33:32 - PHP Notice:  Undefined index: custom_thumb in /home/nedopasc/public_html/catalog/view/theme/marcjewelry/template/new_elements/product.tpl on line 37
2018-05-25 13:33:32 - PHP Notice:  Undefined index: newprice in /home/nedopasc/public_html/catalog/view/theme/marcjewelry/template/new_elements/product.tpl on line 97
2018-05-25 13:33:33 - PHP Warning:  Cannot modify header information - headers already sent by (output started at /home/nedopasc/public_html/config.php:1) in /home/nedopasc/public_html/system/storage/modification/catalog/controller/product/product.php on line 226
2018-05-25 13:33:36 - PHP Warning:  Cannot modify header information - headers already sent by (output started at /home/nedopasc/public_html/config.php:1) in /home/nedopasc/public_html/system/storage/modification/catalog/controller/product/product.php on line 226
2018-05-25 13:33:47 - PHP Warning:  Cannot modify header information - headers already sent by (output started at /home/nedopasc/public_html/config.php:1) in /home/nedopasc/public_html/system/storage/modification/catalog/controller/startup/seo_pro.php on line 344
2018-05-25 13:33:47 - PHP Warning:  Cannot modify header information - headers already sent by (output started at /home/nedopasc/public_html/config.php:1) in /home/nedopasc/public_html/system/storage/modification/system/library/response.php on line 12
2018-05-25 13:33:50 - PHP Warning:  Cannot modify header information - headers already sent by (output started at /home/nedopasc/public_html/config.php:1) in /home/nedopasc/public_html/system/storage/modification/catalog/controller/startup/seo_pro.php on line 344
2018-05-25 13:33:50 - PHP Warning:  Cannot modify header information - headers already sent by (output started at /home/nedopasc/public_html/config.php:1) in /home/nedopasc/public_html/system/storage/modification/system/library/response.php on line 12
2018-05-25 13:33:52 - PHP Warning:  Cannot modify header information - headers already sent by (output started at /home/nedopasc/public_html/config.php:1) in /home/nedopasc/public_html/system/storage/modification/catalog/controller/startup/seo_pro.php on line 344
2018-05-25 13:33:52 - PHP Warning:  Cannot modify header information - headers already sent by (output started at /home/nedopasc/public_html/config.php:1) in /home/nedopasc/public_html/system/storage/modification/system/library/response.php on line 12
2018-05-25 13:33:54 - PHP Warning:  Cannot modify header information - headers already sent by (output started at /home/nedopasc/public_html/config.php:1) in /home/nedopasc/public_html/system/storage/modification/catalog/controller/startup/seo_pro.php on line 344
2018-05-25 13:33:54 - PHP Warning:  Cannot modify header information - headers already sent by (output started at /home/nedopasc/public_html/config.php:1) in /home/nedopasc/public_html/system/storage/modification/system/library/response.php on line 12
2018-05-25 13:34:02 - PHP Notice:  Undefined index: newprice in /home/nedopasc/public_html/catalog/view/theme/marcjewelry/template/new_elements/product.tpl on line 10
2018-05-25 13:34:02 - PHP Notice:  Undefined index: custom_thumb in /home/nedopasc/public_html/catalog/view/theme/marcjewelry/template/new_elements/product.tpl on line 30
2018-05-25 13:34:03 - PHP Notice:  Undefined index: custom_thumb in /home/nedopasc/public_html/catalog/view/theme/marcjewelry/template/new_elements/product.tpl on line 37
2018-05-25 13:34:03 - PHP Notice:  Undefined index: newprice in /home/nedopasc/public_html/catalog/view/theme/marcjewelry/template/new_elements/product.tpl on line 97
2018-05-25 13:34:03 - PHP Notice:  Undefined index: newprice in /home/nedopasc/public_html/catalog/view/theme/marcjewelry/template/new_elements/product.tpl on line 10
2018-05-25 13:34:03 - PHP Notice:  Undefined index: custom_thumb in /home/nedopasc/public_html/catalog/view/theme/marcjewelry/template/new_elements/product.tpl on line 30
2018-05-25 13:34:03 - PHP Notice:  Undefined index: custom_thumb in /home/nedopasc/public_html/catalog/view/theme/marcjewelry/template/new_elements/product.tpl on line 37
2018-05-25 13:34:03 - PHP Notice:  Undefined index: newprice in /home/nedopasc/public_html/catalog/view/theme/marcjewelry/template/new_elements/product.tpl on line 97
2018-05-25 13:34:03 - PHP Notice:  Undefined index: newprice in /home/nedopasc/public_html/catalog/view/theme/marcjewelry/template/new_elements/product.tpl on line 10
2018-05-25 13:34:03 - PHP Notice:  Undefined index: custom_thumb in /home/nedopasc/public_html/catalog/view/theme/marcjewelry/template/new_elements/product.tpl on line 30
2018-05-25 13:34:03 - PHP Notice:  Undefined index: custom_thumb in /home/nedopasc/public_html/catalog/view/theme/marcjewelry/template/new_elements/product.tpl on line 37
2018-05-25 13:34:03 - PHP Notice:  Undefined index: newprice in /home/nedopasc/public_html/catalog/view/theme/marcjewelry/template/new_elements/product.tpl on line 97
2018-05-25 13:34:03 - PHP Notice:  Undefined index: newprice in /home/nedopasc/public_html/catalog/view/theme/marcjewelry/template/new_elements/product.tpl on line 10
2018-05-25 13:34:03 - PHP Notice:  Undefined index: custom_thumb in /home/nedopasc/public_html/catalog/view/theme/marcjewelry/template/new_elements/product.tpl on line 30
2018-05-25 13:34:03 - PHP Notice:  Undefined index: custom_thumb in /home/nedopasc/public_html/catalog/view/theme/marcjewelry/template/new_elements/product.tpl on line 37
2018-05-25 13:34:03 - PHP Notice:  Undefined index: newprice in /home/nedopasc/public_html/catalog/view/theme/marcjewelry/template/new_elements/product.tpl on line 97
2018-05-25 13:34:03 - PHP Notice:  Undefined index: newprice in /home/nedopasc/public_html/catalog/view/theme/marcjewelry/template/new_elements/product.tpl on line 10
2018-05-25 13:34:03 - PHP Notice:  Undefined index: custom_thumb in /home/nedopasc/public_html/catalog/view/theme/marcjewelry/template/new_elements/product.tpl on line 30
2018-05-25 13:34:03 - PHP Notice:  Undefined index: custom_thumb in /home/nedopasc/public_html/catalog/view/theme/marcjewelry/template/new_elements/product.tpl on line 37
2018-05-25 13:34:03 - PHP Notice:  Undefined index: newprice in /home/nedopasc/public_html/catalog/view/theme/marcjewelry/template/new_elements/product.tpl on line 97
2018-05-25 13:34:03 - PHP Notice:  Undefined index: newprice in /home/nedopasc/public_html/catalog/view/theme/marcjewelry/template/new_elements/product.tpl on line 10
2018-05-25 13:34:03 - PHP Notice:  Undefined index: custom_thumb in /home/nedopasc/public_html/catalog/view/theme/marcjewelry/template/new_elements/product.tpl on line 30
2018-05-25 13:34:03 - PHP Notice:  Undefined index: custom_thumb in /home/nedopasc/public_html/catalog/view/theme/marcjewelry/template/new_elements/product.tpl on line 37
2018-05-25 13:34:03 - PHP Notice:  Undefined index: newprice in /home/nedopasc/public_html/catalog/view/theme/marcjewelry/template/new_elements/product.tpl on line 97
2018-05-25 13:34:03 - PHP Notice:  Undefined index: newprice in /home/nedopasc/public_html/catalog/view/theme/marcjewelry/template/new_elements/product.tpl on line 10
2018-05-25 13:34:03 - PHP Notice:  Undefined index: custom_thumb in /home/nedopasc/public_html/catalog/view/theme/marcjewelry/template/new_elements/product.tpl on line 30
2018-05-25 13:34:03 - PHP Notice:  Undefined index: custom_thumb in /home/nedopasc/public_html/catalog/view/theme/marcjewelry/template/new_elements/product.tpl on line 37
2018-05-25 13:34:03 - PHP Notice:  Undefined index: newprice in /home/nedopasc/public_html/catalog/view/theme/marcjewelry/template/new_elements/product.tpl on line 97
2018-05-25 13:34:03 - PHP Notice:  Undefined index: custom_thumb in /home/nedopasc/public_html/catalog/view/theme/marcjewelry/template/new_elements/product.tpl on line 9
2018-05-25 13:34:03 - PHP Notice:  Undefined index: newprice in /home/nedopasc/public_html/catalog/view/theme/marcjewelry/template/new_elements/product.tpl on line 97
2018-05-25 13:34:03 - PHP Notice:  Undefined index: newprice in /home/nedopasc/public_html/catalog/view/theme/marcjewelry/template/new_elements/product.tpl on line 10
2018-05-25 13:34:03 - PHP Notice:  Undefined index: custom_thumb in /home/nedopasc/public_html/catalog/view/theme/marcjewelry/template/new_elements/product.tpl on line 30
2018-05-25 13:34:03 - PHP Notice:  Undefined index: custom_thumb in /home/nedopasc/public_html/catalog/view/theme/marcjewelry/template/new_elements/product.tpl on line 37
2018-05-25 13:34:03 - PHP Notice:  Undefined index: newprice in /home/nedopasc/public_html/catalog/view/theme/marcjewelry/template/new_elements/product.tpl on line 97
2018-05-25 13:34:03 - PHP Notice:  Undefined index: newprice in /home/nedopasc/public_html/catalog/view/theme/marcjewelry/template/new_elements/product.tpl on line 10
2018-05-25 13:34:03 - PHP Notice:  Undefined index: custom_thumb in /home/nedopasc/public_html/catalog/view/theme/marcjewelry/template/new_elements/product.tpl on line 30
2018-05-25 13:34:03 - PHP Notice:  Undefined index: custom_thumb in /home/nedopasc/public_html/catalog/view/theme/marcjewelry/template/new_elements/product.tpl on line 37
2018-05-25 13:34:03 - PHP Notice:  Undefined index: newprice in /home/nedopasc/public_html/catalog/view/theme/marcjewelry/template/new_elements/product.tpl on line 97
2018-05-25 13:34:03 - PHP Notice:  Undefined index: newprice in /home/nedopasc/public_html/catalog/view/theme/marcjewelry/template/new_elements/product.tpl on line 10
2018-05-25 13:34:03 - PHP Notice:  Undefined index: custom_thumb in /home/nedopasc/public_html/catalog/view/theme/marcjewelry/template/new_elements/product.tpl on line 30
2018-05-25 13:34:03 - PHP Notice:  Undefined index: custom_thumb in /home/nedopasc/public_html/catalog/view/theme/marcjewelry/template/new_elements/product.tpl on line 37
2018-05-25 13:34:03 - PHP Notice:  Undefined index: newprice in /home/nedopasc/public_html/catalog/view/theme/marcjewelry/template/new_elements/product.tpl on line 97
2018-05-25 13:34:03 - PHP Notice:  Undefined index: newprice in /home/nedopasc/public_html/catalog/view/theme/marcjewelry/template/new_elements/product.tpl on line 10
2018-05-25 13:34:03 - PHP Notice:  Undefined index: custom_thumb in /home/nedopasc/public_html/catalog/view/theme/marcjewelry/template/new_elements/product.tpl on line 30
2018-05-25 13:34:03 - PHP Notice:  Undefined index: custom_thumb in /home/nedopasc/public_html/catalog/view/theme/marcjewelry/template/new_elements/product.tpl on line 37
2018-05-25 13:34:03 - PHP Notice:  Undefined index: newprice in /home/nedopasc/public_html/catalog/view/theme/marcjewelry/template/new_elements/product.tpl on line 97
2018-05-25 13:34:03 - PHP Notice:  Undefined index: newprice in /home/nedopasc/public_html/catalog/view/theme/marcjewelry/template/new_elements/product.tpl on line 10
2018-05-25 13:34:03 - PHP Notice:  Undefined index: custom_thumb in /home/nedopasc/public_html/catalog/view/theme/marcjewelry/template/new_elements/product.tpl on line 30
2018-05-25 13:34:03 - PHP Notice:  Undefined index: custom_thumb in /home/nedopasc/public_html/catalog/view/theme/marcjewelry/template/new_elements/product.tpl on line 37
2018-05-25 13:34:03 - PHP Notice:  Undefined index: newprice in /home/nedopasc/public_html/catalog/view/theme/marcjewelry/template/new_elements/product.tpl on line 97
2018-05-25 13:34:03 - PHP Notice:  Undefined index: newprice in /home/nedopasc/public_html/catalog/view/theme/marcjewelry/template/new_elements/product.tpl on line 10
2018-05-25 13:34:03 - PHP Notice:  Undefined index: custom_thumb in /home/nedopasc/public_html/catalog/view/theme/marcjewelry/template/new_elements/product.tpl on line 30
2018-05-25 13:34:03 - PHP Notice:  Undefined index: custom_thumb in /home/nedopasc/public_html/catalog/view/theme/marcjewelry/template/new_elements/product.tpl on line 37
2018-05-25 13:34:03 - PHP Notice:  Undefined index: newprice in /home/nedopasc/public_html/catalog/view/theme/marcjewelry/template/new_elements/product.tpl on line 97
2018-05-25 13:34:03 - PHP Notice:  Undefined index: newprice in /home/nedopasc/public_html/catalog/view/theme/marcjewelry/template/new_elements/product.tpl on line 10
2018-05-25 13:34:03 - PHP Notice:  Undefined index: custom_thumb in /home/nedopasc/public_html/catalog/view/theme/marcjewelry/template/new_elements/product.tpl on line 30
2018-05-25 13:34:03 - PHP Notice:  Undefined index: custom_thumb in /home/nedopasc/public_html/catalog/view/theme/marcjewelry/template/new_elements/product.tpl on line 37
2018-05-25 13:34:03 - PHP Notice:  Undefined index: newprice in /home/nedopasc/public_html/catalog/view/theme/marcjewelry/template/new_elements/product.tpl on line 97
2018-05-25 13:34:03 - PHP Notice:  Undefined index: newprice in /home/nedopasc/public_html/catalog/view/theme/marcjewelry/template/new_elements/product.tpl on line 10
2018-05-25 13:34:03 - PHP Notice:  Undefined index: custom_thumb in /home/nedopasc/public_html/catalog/view/theme/marcjewelry/template/new_elements/product.tpl on line 30
2018-05-25 13:34:03 - PHP Notice:  Undefined index: custom_thumb in /home/nedopasc/public_html/catalog/view/theme/marcjewelry/template/new_elements/product.tpl on line 37
2018-05-25 13:34:03 - PHP Notice:  Undefined index: newprice in /home/nedopasc/public_html/catalog/view/theme/marcjewelry/template/new_elements/product.tpl on line 97
2018-05-25 13:34:03 - PHP Notice:  Undefined index: newprice in /home/nedopasc/public_html/catalog/view/theme/marcjewelry/template/new_elements/product.tpl on line 10
2018-05-25 13:34:03 - PHP Notice:  Undefined index: custom_thumb in /home/nedopasc/public_html/catalog/view/theme/marcjewelry/template/new_elements/product.tpl on line 30
2018-05-25 13:34:03 - PHP Notice:  Undefined index: custom_thumb in /home/nedopasc/public_html/catalog/view/theme/marcjewelry/template/new_elements/product.tpl on line 37
2018-05-25 13:34:03 - PHP Notice:  Undefined index: newprice in /home/nedopasc/public_html/catalog/view/theme/marcjewelry/template/new_elements/product.tpl on line 97
2018-05-25 13:34:03 - PHP Notice:  Undefined index: newprice in /home/nedopasc/public_html/catalog/view/theme/marcjewelry/template/new_elements/product.tpl on line 10
2018-05-25 13:34:03 - PHP Notice:  Undefined index: custom_thumb in /home/nedopasc/public_html/catalog/view/theme/marcjewelry/template/new_elements/product.tpl on line 30
2018-05-25 13:34:03 - PHP Notice:  Undefined index: custom_thumb in /home/nedopasc/public_html/catalog/view/theme/marcjewelry/template/new_elements/product.tpl on line 37
2018-05-25 13:34:03 - PHP Notice:  Undefined index: newprice in /home/nedopasc/public_html/catalog/view/theme/marcjewelry/template/new_elements/product.tpl on line 97
2018-05-25 13:34:03 - PHP Notice:  Undefined index: newprice in /home/nedopasc/public_html/catalog/view/theme/marcjewelry/template/new_elements/product.tpl on line 10
2018-05-25 13:34:03 - PHP Notice:  Undefined index: custom_thumb in /home/nedopasc/public_html/catalog/view/theme/marcjewelry/template/new_elements/product.tpl on line 30
2018-05-25 13:34:03 - PHP Notice:  Undefined index: custom_thumb in /home/nedopasc/public_html/catalog/view/theme/marcjewelry/template/new_elements/product.tpl on line 37
2018-05-25 13:34:03 - PHP Notice:  Undefined index: newprice in /home/nedopasc/public_html/catalog/view/theme/marcjewelry/template/new_elements/product.tpl on line 97
2018-05-25 13:34:03 - PHP Notice:  Undefined index: newprice in /home/nedopasc/public_html/catalog/view/theme/marcjewelry/template/new_elements/product.tpl on line 10
2018-05-25 13:34:03 - PHP Notice:  Undefined index: custom_thumb in /home/nedopasc/public_html/catalog/view/theme/marcjewelry/template/new_elements/product.tpl on line 30
2018-05-25 13:34:03 - PHP Notice:  Undefined index: custom_thumb in /home/nedopasc/public_html/catalog/view/theme/marcjewelry/template/new_elements/product.tpl on line 37
2018-05-25 13:34:03 - PHP Notice:  Undefined index: newprice in /home/nedopasc/public_html/catalog/view/theme/marcjewelry/template/new_elements/product.tpl on line 97
2018-05-25 13:34:03 - PHP Notice:  Undefined index: newprice in /home/nedopasc/public_html/catalog/view/theme/marcjewelry/template/new_elements/product.tpl on line 10
2018-05-25 13:34:03 - PHP Notice:  Undefined index: custom_thumb in /home/nedopasc/public_html/catalog/view/theme/marcjewelry/template/new_elements/product.tpl on line 30
2018-05-25 13:34:03 - PHP Notice:  Undefined index: custom_thumb in /home/nedopasc/public_html/catalog/view/theme/marcjewelry/template/new_elements/product.tpl on line 37
2018-05-25 13:34:03 - PHP Notice:  Undefined index: newprice in /home/nedopasc/public_html/catalog/view/theme/marcjewelry/template/new_elements/product.tpl on line 97
2018-05-25 13:34:03 - PHP Notice:  Undefined index: newprice in /home/nedopasc/public_html/catalog/view/theme/marcjewelry/template/new_elements/product.tpl on line 10
2018-05-25 13:34:03 - PHP Notice:  Undefined index: custom_thumb in /home/nedopasc/public_html/catalog/view/theme/marcjewelry/template/new_elements/product.tpl on line 30
2018-05-25 13:34:03 - PHP Notice:  Undefined index: custom_thumb in /home/nedopasc/public_html/catalog/view/theme/marcjewelry/template/new_elements/product.tpl on line 37
2018-05-25 13:34:03 - PHP Notice:  Undefined index: newprice in /home/nedopasc/public_html/catalog/view/theme/marcjewelry/template/new_elements/product.tpl on line 97
2018-05-25 13:34:03 - PHP Notice:  Undefined index: newprice in /home/nedopasc/public_html/catalog/view/theme/marcjewelry/template/new_elements/product.tpl on line 10
2018-05-25 13:34:03 - PHP Notice:  Undefined index: custom_thumb in /home/nedopasc/public_html/catalog/view/theme/marcjewelry/template/new_elements/product.tpl on line 30
2018-05-25 13:34:03 - PHP Notice:  Undefined index: custom_thumb in /home/nedopasc/public_html/catalog/view/theme/marcjewelry/template/new_elements/product.tpl on line 37
2018-05-25 13:34:03 - PHP Notice:  Undefined index: newprice in /home/nedopasc/public_html/catalog/view/theme/marcjewelry/template/new_elements/product.tpl on line 97
2018-05-25 13:34:03 - PHP Notice:  Undefined index: newprice in /home/nedopasc/public_html/catalog/view/theme/marcjewelry/template/new_elements/product.tpl on line 10
2018-05-25 13:34:03 - PHP Notice:  Undefined index: custom_thumb in /home/nedopasc/public_html/catalog/view/theme/marcjewelry/template/new_elements/product.tpl on line 30
2018-05-25 13:34:03 - PHP Notice:  Undefined index: custom_thumb in /home/nedopasc/public_html/catalog/view/theme/marcjewelry/template/new_elements/product.tpl on line 37
2018-05-25 13:34:03 - PHP Notice:  Undefined index: newprice in /home/nedopasc/public_html/catalog/view/theme/marcjewelry/template/new_elements/product.tpl on line 97
2018-05-25 13:34:03 - PHP Notice:  Undefined index: newprice in /home/nedopasc/public_html/catalog/view/theme/marcjewelry/template/new_elements/product.tpl on line 10
2018-05-25 13:34:03 - PHP Notice:  Undefined index: custom_thumb in /home/nedopasc/public_html/catalog/view/theme/marcjewelry/template/new_elements/product.tpl on line 30
2018-05-25 13:34:03 - PHP Notice:  Undefined index: custom_thumb in /home/nedopasc/public_html/catalog/view/theme/marcjewelry/template/new_elements/product.tpl on line 37
2018-05-25 13:34:03 - PHP Notice:  Undefined index: newprice in /home/nedopasc/public_html/catalog/view/theme/marcjewelry/template/new_elements/product.tpl on line 97
2018-05-25 13:34:03 - PHP Notice:  Undefined index: newprice in /home/nedopasc/public_html/catalog/view/theme/marcjewelry/template/new_elements/product.tpl on line 10
2018-05-25 13:34:03 - PHP Notice:  Undefined index: custom_thumb in /home/nedopasc/public_html/catalog/view/theme/marcjewelry/template/new_elements/product.tpl on line 30
2018-05-25 13:34:03 - PHP Notice:  Undefined index: custom_thumb in /home/nedopasc/public_html/catalog/view/theme/marcjewelry/template/new_elements/product.tpl on line 37
2018-05-25 13:34:03 - PHP Notice:  Undefined index: newprice in /home/nedopasc/public_html/catalog/view/theme/marcjewelry/template/new_elements/product.tpl on line 97
2018-05-25 13:34:03 - PHP Notice:  Undefined index: newprice in /home/nedopasc/public_html/catalog/view/theme/marcjewelry/template/new_elements/product.tpl on line 10
2018-05-25 13:34:03 - PHP Notice:  Undefined index: custom_thumb in /home/nedopasc/public_html/catalog/view/theme/marcjewelry/template/new_elements/product.tpl on line 30
2018-05-25 13:34:03 - PHP Notice:  Undefined index: custom_thumb in /home/nedopasc/public_html/catalog/view/theme/marcjewelry/template/new_elements/product.tpl on line 37
2018-05-25 13:34:03 - PHP Notice:  Undefined index: newprice in /home/nedopasc/public_html/catalog/view/theme/marcjewelry/template/new_elements/product.tpl on line 97
2018-05-25 13:34:03 - PHP Notice:  Undefined index: newprice in /home/nedopasc/public_html/catalog/view/theme/marcjewelry/template/new_elements/product.tpl on line 10
2018-05-25 13:34:03 - PHP Notice:  Undefined index: custom_thumb in /home/nedopasc/public_html/catalog/view/theme/marcjewelry/template/new_elements/product.tpl on line 30
2018-05-25 13:34:03 - PHP Notice:  Undefined index: custom_thumb in /home/nedopasc/public_html/catalog/view/theme/marcjewelry/template/new_elements/product.tpl on line 37
2018-05-25 13:34:03 - PHP Notice:  Undefined index: newprice in /home/nedopasc/public_html/catalog/view/theme/marcjewelry/template/new_elements/product.tpl on line 97
2018-05-25 13:34:03 - PHP Notice:  Undefined index: newprice in /home/nedopasc/public_html/catalog/view/theme/marcjewelry/template/new_elements/product.tpl on line 10
2018-05-25 13:34:03 - PHP Notice:  Undefined index: custom_thumb in /home/nedopasc/public_html/catalog/view/theme/marcjewelry/template/new_elements/product.tpl on line 30
2018-05-25 13:34:03 - PHP Notice:  Undefined index: custom_thumb in /home/nedopasc/public_html/catalog/view/theme/marcjewelry/template/new_elements/product.tpl on line 37
2018-05-25 13:34:03 - PHP Notice:  Undefined index: newprice in /home/nedopasc/public_html/catalog/view/theme/marcjewelry/template/new_elements/product.tpl on line 97
2018-05-25 13:34:03 - PHP Notice:  Undefined index: newprice in /home/nedopasc/public_html/catalog/view/theme/marcjewelry/template/new_elements/product.tpl on line 10
2018-05-25 13:34:03 - PHP Notice:  Undefined index: custom_thumb in /home/nedopasc/public_html/catalog/view/theme/marcjewelry/template/new_elements/product.tpl on line 30
2018-05-25 13:34:03 - PHP Notice:  Undefined index: custom_thumb in /home/nedopasc/public_html/catalog/view/theme/marcjewelry/template/new_elements/product.tpl on line 37
2018-05-25 13:34:03 - PHP Notice:  Undefined index: newprice in /home/nedopasc/public_html/catalog/view/theme/marcjewelry/template/new_elements/product.tpl on line 97
2018-05-25 13:34:03 - PHP Notice:  Undefined index: newprice in /home/nedopasc/public_html/catalog/view/theme/marcjewelry/template/new_elements/product.tpl on line 10
2018-05-25 13:34:03 - PHP Notice:  Undefined index: custom_thumb in /home/nedopasc/public_html/catalog/view/theme/marcjewelry/template/new_elements/product.tpl on line 30
2018-05-25 13:34:03 - PHP Notice:  Undefined index: custom_thumb in /home/nedopasc/public_html/catalog/view/theme/marcjewelry/template/new_elements/product.tpl on line 37
2018-05-25 13:34:03 - PHP Notice:  Undefined index: newprice in /home/nedopasc/public_html/catalog/view/theme/marcjewelry/template/new_elements/product.tpl on line 97
2018-05-25 13:34:03 - PHP Notice:  Undefined index: newprice in /home/nedopasc/public_html/catalog/view/theme/marcjewelry/template/new_elements/product.tpl on line 10
2018-05-25 13:34:03 - PHP Notice:  Undefined index: custom_thumb in /home/nedopasc/public_html/catalog/view/theme/marcjewelry/template/new_elements/product.tpl on line 30
2018-05-25 13:34:03 - PHP Notice:  Undefined index: custom_thumb in /home/nedopasc/public_html/catalog/view/theme/marcjewelry/template/new_elements/product.tpl on line 37
2018-05-25 13:34:03 - PHP Notice:  Undefined index: newprice in /home/nedopasc/public_html/catalog/view/theme/marcjewelry/template/new_elements/product.tpl on line 97
2018-05-25 13:34:03 - PHP Notice:  Undefined index: newprice in /home/nedopasc/public_html/catalog/view/theme/marcjewelry/template/new_elements/product.tpl on line 10
2018-05-25 13:34:03 - PHP Notice:  Undefined index: custom_thumb in /home/nedopasc/public_html/catalog/view/theme/marcjewelry/template/new_elements/product.tpl on line 30
2018-05-25 13:34:03 - PHP Notice:  Undefined index: custom_thumb in /home/nedopasc/public_html/catalog/view/theme/marcjewelry/template/new_elements/product.tpl on line 37
2018-05-25 13:34:03 - PHP Notice:  Undefined index: newprice in /home/nedopasc/public_html/catalog/view/theme/marcjewelry/template/new_elements/product.tpl on line 97
2018-05-25 13:34:03 - PHP Notice:  Undefined index: newprice in /home/nedopasc/public_html/catalog/view/theme/marcjewelry/template/new_elements/product.tpl on line 10
2018-05-25 13:34:03 - PHP Notice:  Undefined index: custom_thumb in /home/nedopasc/public_html/catalog/view/theme/marcjewelry/template/new_elements/product.tpl on line 30
2018-05-25 13:34:03 - PHP Notice:  Undefined index: custom_thumb in /home/nedopasc/public_html/catalog/view/theme/marcjewelry/template/new_elements/product.tpl on line 37
2018-05-25 13:34:03 - PHP Notice:  Undefined index: newprice in /home/nedopasc/public_html/catalog/view/theme/marcjewelry/template/new_elements/product.tpl on line 97
2018-05-25 13:34:03 - PHP Notice:  Undefined index: newprice in /home/nedopasc/public_html/catalog/view/theme/marcjewelry/template/new_elements/product.tpl on line 10
2018-05-25 13:34:03 - PHP Notice:  Undefined index: custom_thumb in /home/nedopasc/public_html/catalog/view/theme/marcjewelry/template/new_elements/product.tpl on line 30
2018-05-25 13:34:03 - PHP Notice:  Undefined index: custom_thumb in /home/nedopasc/public_html/catalog/view/theme/marcjewelry/template/new_elements/product.tpl on line 37
2018-05-25 13:34:03 - PHP Notice:  Undefined index: newprice in /home/nedopasc/public_html/catalog/view/theme/marcjewelry/template/new_elements/product.tpl on line 97
2018-05-25 13:34:03 - PHP Notice:  Undefined index: newprice in /home/nedopasc/public_html/catalog/view/theme/marcjewelry/template/new_elements/product.tpl on line 10
2018-05-25 13:34:03 - PHP Notice:  Undefined index: custom_thumb in /home/nedopasc/public_html/catalog/view/theme/marcjewelry/template/new_elements/product.tpl on line 30
2018-05-25 13:34:03 - PHP Notice:  Undefined index: custom_thumb in /home/nedopasc/public_html/catalog/view/theme/marcjewelry/template/new_elements/product.tpl on line 37
2018-05-25 13:34:03 - PHP Notice:  Undefined index: newprice in /home/nedopasc/public_html/catalog/view/theme/marcjewelry/template/new_elements/product.tpl on line 97
2018-05-25 13:34:03 - PHP Notice:  Undefined index: newprice in /home/nedopasc/public_html/catalog/view/theme/marcjewelry/template/new_elements/product.tpl on line 10
2018-05-25 13:34:03 - PHP Notice:  Undefined index: custom_thumb in /home/nedopasc/public_html/catalog/view/theme/marcjewelry/template/new_elements/product.tpl on line 30
2018-05-25 13:34:03 - PHP Notice:  Undefined index: custom_thumb in /home/nedopasc/public_html/catalog/view/theme/marcjewelry/template/new_elements/product.tpl on line 37
2018-05-25 13:34:03 - PHP Notice:  Undefined index: newprice in /home/nedopasc/public_html/catalog/view/theme/marcjewelry/template/new_elements/product.tpl on line 97
2018-05-25 13:34:29 - PHP Notice:  Undefined variable: entry_special in /home/nedopasc/public_html/system/storage/modification/admin/view/template/catalog/product_form.tpl on line 804
2018-05-25 13:34:29 - PHP Notice:  Undefined variable: entry_special in /home/nedopasc/public_html/system/storage/modification/admin/view/template/catalog/product_form.tpl on line 1661
2018-05-25 13:35:11 - PHP Warning:  Cannot modify header information - headers already sent by (output started at /home/nedopasc/public_html/config.php:1) in /home/nedopasc/public_html/system/storage/modification/catalog/controller/product/product.php on line 226
2018-05-25 13:35:16 - PHP Warning:  Cannot modify header information - headers already sent by (output started at /home/nedopasc/public_html/config.php:1) in /home/nedopasc/public_html/system/storage/modification/catalog/controller/product/product.php on line 226
