
2018-05-25 13:34:13 - MOD: Modification Default

FILE: system/engine/action.php
REGEX: ~(require|include)(_once)?\(([^)]+)~
LINE: 41

FILE: system/engine/loader.php
REGEX: ~(require|include)(_once)?\(([^)]+)~
LINE: 49
LINE: 108
LINE: 120
LINE: 165

FILE: system/library/config.php
REGEX: ~(require|include)(_once)?\(([^)]+)~
LINE: 23

FILE: system/library/language.php
REGEX: ~(require|include)(_once)?\(([^)]+)~
LINE: 38
LINE: 40
LINE: 49
LINE: 51
LINE: 60
LINE: 62

FILE: system/library/template/php.php
REGEX: ~(require|include)(_once)?\(([^)]+)~
LINE: 18

FILE: system/library/template/tiwg.php
REGEX: ~(require|include)(_once)?\(([^)]+)~
LINE: 24
----------------------------------------------------------------
MOD: Admin Quick Edit PRO

FILE: admin/controller/design/layout.php
CODE: foreach ($extensions as $code)
LINE: 369
CODE: $this->language->get('heading_title')
LINE: 7
LINE: 17
LINE: 49
LINE: 81
LINE: 153
LINE: 181
LINE: 259
LINE: 318
LINE: 385
LINE: 411

FILE: admin/controller/extension/extension/module.php
CODE: function index
LINE: 5

FILE: admin/controller/extension/module/admin_quick_edit.php
CODE: <?php
LINE: 1

FILE: admin/controller/marketing/coupon.php
CODE: public function index() {
LINE: 9
CODE: public function delete() {
LINE: 88
CODE: ControllerMarketingCoupon extends Controller
LINE: 26
CODE: $url .= '&sort=' . $this->request->get['sort'];
LINE: 68
LINE: 109
LINE: 157
LINE: 205
LINE: 326
LINE: 449

FILE: admin/controller/marketing/affiliate.php
CODE: public function index() {
LINE: 9
CODE: public function delete() {
LINE: 128
CODE: public function autocomplete() {
LINE: 1228
CODE: ControllerMarketingAffiliate extends Controller
LINE: 26
CODE: $url .= '&sort=' . $this->request->get['sort'];
LINE: 88
LINE: 149
LINE: 217
LINE: 278
LINE: 339
LINE: 437
LINE: 632
LINE: 856

FILE: admin/controller/marketing/marketing.php
CODE: public function index() {
LINE: 9
CODE: public function delete() {
LINE: 112
CODE: ControllerMarketingMarketing extends Controller
LINE: 10
CODE: $url .= '&sort=' . $this->request->get['sort'];
LINE: 64
LINE: 117
LINE: 177
LINE: 255
LINE: 268
LINE: 418
LINE: 507

FILE: admin/controller/sale/voucher_theme.php
CODE: public function index() {
LINE: 9
CODE: public function delete() {
LINE: 88
CODE: ControllerSaleVoucherTheme extends Controller
LINE: 18
CODE: $url .= '&sort=' . $this->request->get['sort'];
LINE: 60
LINE: 101
LINE: 149
LINE: 197
LINE: 303
LINE: 371

FILE: admin/controller/sale/voucher.php
CODE: public function index() {
LINE: 9
CODE: public function delete() {
LINE: 88
CODE: public function send() {
LINE: 607
CODE: ControllerSaleVoucher extends Controller
LINE: 10
CODE: $url .= '&sort=' . $this->request->get['sort'];
LINE: 52
LINE: 93
LINE: 141
LINE: 189
LINE: 324
LINE: 437

FILE: admin/controller/sale/return.php
CODE: public function index() {
LINE: 9
CODE: public function delete() {
LINE: 152
CODE: ControllerSaleReturn extends Controller
LINE: 34
CODE: $url .= '&sort=' . $this->request->get['sort'];
LINE: 108
LINE: 181
LINE: 261
LINE: 389
LINE: 604
LINE: 782

FILE: admin/controller/sale/order.php
CODE: function getList() {
LINE: 127
CODE: ControllerSaleOrder extends Controller
LINE: 190

FILE: admin/view/template/sale/order_list.tpl
CODE: <div class="panel panel-default">
LINE: 37
CODE: <button type="submit" id="button-shipping"
LINE: 8
REGEX: ~<td class="text-left"><\?php echo \$order\['(.*)status'\]; \?></td>~
LINE: 154
CODE: <?php echo $footer; ?>
LINE: 296

FILE: admin/controller/customer/customer.php
CODE: public function index() {
LINE: 9
CODE: public function delete() {
LINE: 144
CODE: ControllerCustomerCustomer extends Controller
LINE: 26
CODE: $url .= '&sort=' . $this->request->get['sort'];
LINE: 96
LINE: 165
LINE: 241
LINE: 318
LINE: 387
LINE: 505
LINE: 725
LINE: 928

FILE: admin/controller/catalog/information.php
CODE: public function index() {
LINE: 9
CODE: public function delete() {
LINE: 88
CODE: ControllerCatalogInformation extends Controller
LINE: 26
CODE: $url .= '&sort=' . $this->request->get['sort'];
LINE: 68
LINE: 109
LINE: 157
LINE: 205
LINE: 314
LINE: 425

FILE: admin/controller/catalog/review.php
CODE: public function index() {
LINE: 9
CODE: public function delete() {
LINE: 120
CODE: ControllerCatalogReview extends Controller
LINE: 26
CODE: $url .= '&sort=' . $this->request->get['sort'];
LINE: 84
LINE: 141
LINE: 205
LINE: 293
LINE: 458
LINE: 567

FILE: admin/controller/catalog/download.php
CODE: public function index() {
LINE: 9
CODE: public function delete() {
LINE: 88
CODE: public function autocomplete() {
LINE: 523
CODE: ControllerCatalogDownload extends Controller
LINE: 18
CODE: $url .= '&sort=' . $this->request->get['sort'];
LINE: 60
LINE: 101
LINE: 149
LINE: 197
LINE: 306
LINE: 386

FILE: admin/controller/catalog/manufacturer.php
CODE: public function index() {
LINE: 9
CODE: public function delete() {
LINE: 88
CODE: public function autocomplete() {
LINE: 493
CODE: ControllerCatalogManufacturer extends Controller
LINE: 18
CODE: $url .= '&sort=' . $this->request->get['sort'];
LINE: 60
LINE: 101
LINE: 149
LINE: 197
LINE: 306
LINE: 402

FILE: admin/controller/catalog/option.php
CODE: public function index() {
LINE: 9
CODE: public function delete() {
LINE: 88
CODE: ControllerCatalogOption extends Controller
LINE: 34
CODE: $url .= '&sort=' . $this->request->get['sort'];
LINE: 76
LINE: 117
LINE: 165
LINE: 213
LINE: 322
LINE: 406

FILE: admin/controller/catalog/attribute_group.php
CODE: public function index() {
LINE: 9
CODE: public function delete() {
LINE: 88
CODE: ControllerCatalogAttributeGroup extends Controller
LINE: 26
CODE: $url .= '&sort=' . $this->request->get['sort'];
LINE: 68
LINE: 109
LINE: 157
LINE: 205
LINE: 314
LINE: 376

FILE: admin/controller/catalog/attribute.php
CODE: public function index() {
LINE: 9
CODE: public function delete() {
LINE: 88
CODE: public function autocomplete() {
LINE: 422
CODE: ControllerCatalogAttribute extends Controller
LINE: 18
CODE: $url .= '&sort=' . $this->request->get['sort'];
LINE: 60
LINE: 101
LINE: 149
LINE: 197
LINE: 309
LINE: 378

FILE: admin/controller/catalog/filter.php
CODE: public function index() {
LINE: 9
CODE: public function delete() {
LINE: 88
CODE: ControllerCatalogFilter extends Controller
LINE: 34
CODE: $url .= '&sort=' . $this->request->get['sort'];
LINE: 76
LINE: 117
LINE: 165
LINE: 213
LINE: 322
LINE: 393

FILE: admin/controller/catalog/recurring.php
CODE: public function index() {
LINE: 9
CODE: public function delete() {
LINE: 88
CODE: public function copy() {
LINE: 127
CODE: ControllerCatalogRecurring extends Controller
LINE: 18
CODE: $url .= '&sort=' . $this->request->get['sort'];
LINE: 60
LINE: 101
LINE: 149
LINE: 197
LINE: 245
LINE: 356
LINE: 433

FILE: admin/controller/catalog/category.php
CODE: public function index() {
LINE: 11
CODE: public function delete() {
LINE: 90
CODE: public function autocomplete() {
LINE: 761
CODE: ControllerCatalogCategory extends Controller
LINE: 42
CODE: $url .= '&sort=' . $this->request->get['sort'];
LINE: 86
LINE: 127
LINE: 175
LINE: 216
LINE: 264
LINE: 372
LINE: 488
LINE: 780

FILE: admin/controller/catalog/product.php
CODE: public function index() {
LINE: 9
CODE: public function delete() {
LINE: 136
CODE: public function copy() {
LINE: 199
CODE: public function autocomplete() {
LINE: 1502
CODE: ControllerCatalogProduct extends Controller
LINE: 42
CODE: $url .= '&filter_name=' . urlencode(html_entity_decode($this->request->get['filter_name'], ENT_QUOTES, 'UTF-8'));
LINE: 87
LINE: 155
LINE: 230
LINE: 305
LINE: 422
LINE: 611
LINE: 670
LINE: 902
REGEX: ~\$url \.= '&(.*?)=' \. \$this->request->get\['(.*?)'\];~
LINE: 96
LINE: 100
LINE: 104
LINE: 108
LINE: 112
LINE: 116
LINE: 120
LINE: 164
LINE: 168
LINE: 172
LINE: 176
LINE: 180
LINE: 184
LINE: 188
LINE: 239
LINE: 243
LINE: 247
LINE: 251
LINE: 255
LINE: 259
LINE: 263
LINE: 314
LINE: 318
LINE: 322
LINE: 326
LINE: 330
LINE: 334
LINE: 338
LINE: 435
LINE: 439
LINE: 443
LINE: 447
LINE: 451
LINE: 455
LINE: 459
LINE: 620
LINE: 624
LINE: 628
LINE: 632
LINE: 636
LINE: 646
LINE: 679
LINE: 683
LINE: 687
LINE: 691
LINE: 695
LINE: 699
LINE: 703
LINE: 911
LINE: 915
LINE: 919
LINE: 923
LINE: 927
LINE: 931
LINE: 935

FILE: admin/view/template/catalog/product_list.tpl
REGEX: ~if \((.*?) != '\*'\) \{~
LINE: 225
LINE: 237
LINE: 243
REGEX: ~url = 'index\.php\?route=(.*?)&token=<\?php echo \$token; \?>';~
LINE: 202

FILE: admin/view/template/catalog/adapter_list.tpl
CODE: <input type="checkbox" onclick="$('input[name*=\'selected\']').prop('checked', this.checked);" />
NOT FOUND - OPERATION SKIPPED!

FILE: admin/view/template/catalog/attribute_group_list.tpl
CODE: <input type="checkbox" onclick="$('input[name*=\'selected\']').prop('checked', this.checked);" />
LINE: 36

FILE: admin/view/template/catalog/attribute_list.tpl
CODE: <input type="checkbox" onclick="$('input[name*=\'selected\']').prop('checked', this.checked);" />
LINE: 36

FILE: admin/view/template/catalog/category_list.tpl
CODE: <input type="checkbox" onclick="$('input[name*=\'selected\']').prop('checked', this.checked);" />
LINE: 36

FILE: admin/view/template/catalog/download_list.tpl
CODE: <input type="checkbox" onclick="$('input[name*=\'selected\']').prop('checked', this.checked);" />
LINE: 36

FILE: admin/view/template/catalog/filter_list.tpl
CODE: <input type="checkbox" onclick="$('input[name*=\'selected\']').prop('checked', this.checked);" />
LINE: 36

FILE: admin/view/template/catalog/information_list.tpl
CODE: <input type="checkbox" onclick="$('input[name*=\'selected\']').prop('checked', this.checked);" />
LINE: 36

FILE: admin/view/template/catalog/manufacturer_list.tpl
CODE: <input type="checkbox" onclick="$('input[name*=\'selected\']').prop('checked', this.checked);" />
LINE: 36

FILE: admin/view/template/catalog/ocfilter_list.tpl
CODE: <input type="checkbox" onclick="$('input[name*=\'selected\']').prop('checked', this.checked);" />
LINE: 90

FILE: admin/view/template/catalog/ocfilter_page_list.tpl
CODE: <input type="checkbox" onclick="$('input[name*=\'selected\']').prop('checked', this.checked);" />
LINE: 35

FILE: admin/view/template/catalog/option_list.tpl
CODE: <input type="checkbox" onclick="$('input[name*=\'selected\']').prop('checked', this.checked);" />
LINE: 36
CODE: <input type="checkbox" onclick="$('input[name*=\'selected\']').prop('checked', this.checked);" />
LINE: 111

FILE: admin/view/template/catalog/promotion_label_pro_list.tpl
CODE: <input type="checkbox" onclick="$('input[name*=\'selected\']').prop('checked', this.checked);" />
LINE: 36

FILE: admin/view/template/catalog/promotion_label_to_product_list.tpl
CODE: <input type="checkbox" onclick="$('input[name*=\'selected\']').prop('checked', this.checked);" />
LINE: 47

FILE: admin/view/template/catalog/recurring_list.tpl
CODE: <input type="checkbox" onclick="$('input[name*=\'selected\']').prop('checked', this.checked);" />
LINE: 37

FILE: admin/view/template/catalog/review_list.tpl
CODE: <input type="checkbox" onclick="$('input[name*=\'selected\']').prop('checked', this.checked);" />
LINE: 77
CODE: <input type="checkbox" onclick="$('input[name*=\'selected\']').prop('checked', this.checked);" />
LINE: 107

FILE: admin/view/template/sale/recurring_list.tpl
CODE: <input type="checkbox" onclick="$('input[name*=\'selected\']').prop('checked', this.checked);" />
NOT FOUND - OPERATION SKIPPED!

FILE: admin/view/template/sale/return_list.tpl
CODE: <input type="checkbox" onclick="$('input[name*=\'selected\']').prop('checked', this.checked);" />
LINE: 98

FILE: admin/view/template/sale/voucher_list.tpl
CODE: <input type="checkbox" onclick="$('input[name*=\'selected\']').prop('checked', this.checked);" />
LINE: 38

FILE: admin/view/template/sale/voucher_theme_list.tpl
CODE: <input type="checkbox" onclick="$('input[name*=\'selected\']').prop('checked', this.checked);" />
LINE: 36

FILE: admin/view/template/customer/custom_field_list.tpl
CODE: <input type="checkbox" onclick="$('input[name*=\'selected\']').prop('checked', this.checked);" />
LINE: 36

FILE: admin/view/template/customer/customer_group_list.tpl
CODE: <input type="checkbox" onclick="$('input[name*=\'selected\']').prop('checked', this.checked);" />
LINE: 36

FILE: admin/view/template/customer/customer_list.tpl
CODE: <input type="checkbox" onclick="$('input[name*=\'selected\']').prop('checked', this.checked);" />
LINE: 114

FILE: admin/controller/common/filemanager.php
CODE: public function index
LINE: 31

FILE: system/library/db/mysql.php
CODE: SET SQL_MODE = ''
LINE: 25

FILE: system/library/db/mysqli.php
CODE: SET SQL_MODE = ''
LINE: 20
----------------------------------------------------------------
MOD: fondy_payment

FILE: catalog/controller/checkout/checkout.php
CODE: public function index() {
LINE: 8

FILE: catalog/view/theme/default/template/checkout/checkout.tpl
CODE: <h1><?php echo $heading_title; ?></h1>
LINE: 26

FILE: catalog/view/theme/marcjewelry/template/checkout/checkout.tpl
CODE: <h1><?php echo $heading_title; ?></h1>
NOT FOUND - OPERATIONS ABORTED!

FILE: catalog/view/theme/default/template/common/header.tpl
CODE: <?php foreach ($styles as $style) { ?>
LINE: 37

FILE: catalog/view/theme/marcjewelry/template/common/header.tpl
CODE: <?php foreach ($styles as $style) { ?>
LINE: 178
----------------------------------------------------------------
MOD: Jet Cache

FILE: system/library/db.php
CODE: class DB {
LINE: 4
REGEX: ~(.*?)function query[(](.*?)\{~
LINE: 18
----------------------------------------------------------------
MOD: Manager for Customers

FILE: system/library/cart/user.php
CODE: SELECT permission
LINE: 22
LINE: 47
CODE: $permissions = json_decode
LINE: 31
LINE: 63

FILE: admin/language/en-gb/user/user_group.php
CODE: $_['entry_name']
LINE: 19

FILE: admin/language/ru-ru/user/user_group.php
CODE: $_['entry_name']
LINE: 19

FILE: admin/controller/user/user_permission.php
CODE: $data['entry_name']
LINE: 269
CODE: if (isset($this->request->post['name'])) {
LINE: 341

FILE: admin/model/user/user_group.php
CODE: 'permission' => json_decode($query->row['permission'], true)
LINE: 21
CODE: name = '" . $this->db->escape($data['name']) . "'
LINE: 3
LINE: 9

FILE: admin/view/template/user/user_group_form.tpl
CODE: <label class="col-sm-2 control-label"><?php echo $entry_access; ?></label>
LINE: 50
CODE: 'filter_customer_group_id' => $filter_customer_group_id,
LINE: 539
CODE: if (isset($this->request->post['firstname'])) {
LINE: 989
CODE: $results = $this->model_customer_customer->getCustomers($filter_data);
LINE: 555
LINE: 1593

FILE: admin/model/customer/customer.php
CODE: if (!empty($data['filter_date_added'])) {
LINE: 115
LINE: 324
CODE: $sql = "SELECT COUNT(*) AS total FROM " . DB_PREFIX . "customer";
LINE: 287

FILE: admin/model/customer/customer_group.php
CODE: if (isset($data['sort']) && in_array($data['sort'], $sort_data)) {
LINE: 52

FILE: admin/controller/customer/customer_group.php
CODE: $customer_group_total = $this->model_customer_customer_group->getTotalCustomerGroups();
LINE: 172
CODE: if (isset($this->request->get['customer_group_id']) && ($this->request->server['REQUEST_METHOD'] != 'POST')) {
LINE: 331
CODE: $order_total = $this->model_sale_order->getTotalOrders($filter_data);
LINE: 464
CODE: 'customer'      => $result['customer'],
LINE: 475
CODE: $data['orders'][]
LINE: 481
LINE: 2059
LINE: 2278
CODE: if ($customer_group_info) {
LINE: 1204

FILE: admin/model/sale/order.php
CODE: if (!empty($data['filter_order_id'])) {
LINE: 195
LINE: 307
CODE: CONCAT(o.firstname, ' ', o.lastname) AS customer,
LINE: 172
CODE: CONCAT(o.firstname, ' ', o.lastname) AS customer,
LINE: 172
CODE: $sql = "SELECT COUNT(*) AS total FROM `" . DB_PREFIX . "order`";
LINE: 284

FILE: admin/language/ru-ru/sale/order.php
CODE: $_['text_customer_group']
LINE: 20

FILE: admin/language/en-gb/sale/order.php
CODE: $_['text_customer_group']
LINE: 20
CODE: <td class="text-left"><?php echo $order['customer']; ?></td>
LINE: 167
CODE: <td class="text-left"><?php if ($sort == 'order_status') { ?>
LINE: 122
CODE: <?php echo $footer; ?>
LINE: 342

FILE: admin/model/report/sale.php
CODE: if (!empty($data['filter_date_added'])) {
LINE: 10

FILE: catalog/model/checkout/order.php
CODE: $emails = explode(',',
LINE: 767
CODE: $this->response->setOutput($this->load->view('design/layout_form', $data));
LINE: 444
----------------------------------------------------------------
MOD: Mega Filter PRO

FILE: catalog/controller/common/column_left.php
CODE: if (isset($part[0]) && $this->config->get($part[0] . '_status')) {
LINE: 50

FILE: catalog/controller/common/column_right.php
CODE: if (isset($part[0]) && $this->config->get($part[0] . '_status')) {
LINE: 50

FILE: catalog/controller/common/content_top.php
CODE: if (isset($part[0]) && $this->config->get($part[0] . '_status')) {
LINE: 50

FILE: catalog/controller/common/header.php
CODE: 'filter_sub_category' => true
LINE: 109

FILE: catalog/controller/extension/module/category.php
CODE: 'filter_sub_category' => true
LINE: 40
LINE: 52
CODE: foreach ($extensions as $code) {
LINE: 369
CODE: $this->response->setOutput(
LINE: 264
LINE: 465

FILE: admin/model/design/layout.php
CODE: $this->db->query("DELETE FROM " . DB_PREFIX . "layout_module WHERE layout_id = '" . (int)$layout_id . "'");
LINE: 33
LINE: 45

FILE: system/engine/controller.php
CODE: $this->registry = $registry;
LINE: 54

FILE: catalog/controller/product/special.php
CODE: $product_total = $this->model_catalog_product->getTotalProductSpecials();
LINE: 105

FILE: catalog/controller/startup/seo_url.php
CODE: unset($data['route']);
LINE: 116
CODE: $query = $this->db->query("SELECT * FROM " . DB_PREFIX . "url_alias WHERE keyword = '" . $this->db->escape($part) . "'");
LINE: 34
REGEX: ~foreach *\( *\$parts as \$part *\) \{~
LINE: 18

FILE: catalog/model/catalog/product.php
CODE: $query = $this->db->query($sql);
LINE: 213
LINE: 276
LINE: 555
CODE: $query = $this->db->query("SELECT COUNT(DISTINCT ps.product_id) AS total FROM " . DB_PREFIX . "product_special
LINE: 573
CODE: $sql = ("SELECT COUNT(DISTINCT ps.product_id) AS total FROM " . DB_PREFIX . "product_special
LINE: 584

FILE: catalog/controller/product/category.php
CODE: $product_total = $this->model_catalog_product->getTotalProducts($filter_data);
LINE: 216

FILE: catalog/controller/product/search.php
CODE: $product_total = $this->model_catalog_product->getTotalProducts($filter_data);
LINE: 235
CODE: $data['categories'] = array();
LINE: 193
CODE: $data['products'] = array();
LINE: 215
CODE: $parts = explode('_', (string)$this->request->get['path']);
LINE: 74
CODE: $this->document->addLink($this->url->link('product/category', 'path=' . $this->request->get['path']), 'canonical');
NOT FOUND - OPERATION SKIPPED!
CODE: $this->document->addLink($this->url->link('product/category', 'path=' . $category_info['category_id'], true), 'canonical');
LINE: 532
CODE: $this->document->addLink($this->url->link('product/category', 'path=' . $category_info['category_id'], 'SSL'), 'canonical');
NOT FOUND - OPERATION SKIPPED!
CODE: $url = '';
LINE: 58
LINE: 166
LINE: 421
LINE: 494
LINE: 527
LINE: 594
CODE: $this->response->setOutput(
LINE: 592
LINE: 654
CODE: $product_total = $this->model_catalog_product->getTotalProducts($filter_data);
LINE: 264

FILE: catalog/controller/product/manufacturer.php
CODE: $url = '';
LINE: 130
LINE: 322
LINE: 391
LINE: 420
LINE: 477
CODE: $this->response->setOutput(
LINE: 71
LINE: 480
LINE: 538
CODE: $product_total = $this->model_catalog_product->getTotalProducts($filter_data);
LINE: 215
CODE: $url = '';
LINE: 91
LINE: 356
LINE: 445
LINE: 494
CODE: $this->response->setOutput(
LINE: 601
CODE: $product_total = $this->model_catalog_product->getTotalProducts($filter_data);
LINE: 243
CODE: $url = '';
LINE: 51
LINE: 225
LINE: 294
LINE: 323
CODE: $this->response->setOutput(
LINE: 378
CODE: $product_total = $this->model_catalog_product->getTotalProducts($filter_data);
NOT FOUND - OPERATIONS ABORTED!

FILE: catalog/controller/module/mega_filter.php
CODE: $url = '';
LINE: 115
LINE: 279
LINE: 344
LINE: 373
CODE: $this->response->setOutput(
LINE: 436
LINE: 444
LINE: 451
CODE: $product_total = $this->model_catalog_product->getTotalProducts($filter_data);
LINE: 201

FILE: system/library/mfilter_module.php
CODE: class MegaFilterModule
LINE: 21

FILE: system/engine/event.php
CODE: trigger($event, array $args = array()) {
LINE: 23
CODE: $this->load->controller('extension/module/' . $this->request->get['extension'] . '/install');
LINE: 30
CODE: $this->load->controller('extension/module/' . $this->request->get['extension'] . '/uninstall');
LINE: 63

FILE: admin/view/template/extension/extension/module.tpl
CODE: $extension['edit']
LINE: 29
LINE: 31
----------------------------------------------------------------
MOD: Mega Filter PLUS

FILE: admin/model/catalog/product.php
CODE: $this->cache->delete('product');
LINE: 137
LINE: 305
LINE: 370

FILE: admin/model/catalog/filter.php
CODE: function deleteFilter($filter_group_id) {
LINE: 62
CODE: function editFilter($filter_group_id, $data) {
LINE: 31
CODE: if (isset($data['filter'])) {
LINE: 18
LINE: 57
----------------------------------------------------------------
MOD: Options Category

FILE: system/library/cart/cart.php
CODE: $price = $product_query->row['price'];
LINE: 187
CODE: $price = $product_discount_query->row['price'];
LINE: 207
CODE: $price = $product_special_query->row['price'];
LINE: 220
CODE: $option_price = 0;
LINE: 45
CODE: if ($option_value_query->row['points_prefix'] == '+') {
LINE: 83
LINE: 146

FILE: catalog/controller/checkout/cart.php
CODE: public function add() {
LINE: 470

FILE: admin/view/template/catalog/product_form.tpl
CODE: <?php if ($product_option_value['price_prefix'] == '+') { ?>
LINE: 635
CODE: html += '  <td class="text-right"><select name="product_option[' + option_row + '][product_option_value][' + option_value_row + '][price_prefix]" class="form-control">';
LINE: 1332
----------------------------------------------------------------
MOD: Related / Dependent options
CODE: 'required'             => $product_option['required']
LINE: 1399
CODE: 'required'             => $product_option['required']
LINE: 1714
CODE: 'weight_prefix'           => $product_option_value['weight_prefix']
LINE: 1386
CODE: if (isset($this->error['warning'])) {
LINE: 584
LINE: 879
CODE: if (isset($product_option['product_option_value'])) {
LINE: 1404
CODE: $data['option_values'] = array();
LINE: 1460
CODE: foreach ($data['product_option'] as $product_option) {
LINE: 40
LINE: 188
CODE: $product_option_id = $this->db->getLastId();
LINE: 48
LINE: 199
CODE: value = '" . $this->db->escape($product_option['value']) . "', required = '" . (int)$product_option['required'] . "'")
LINE: 59
LINE: 214
CODE: "', weight_prefix = '" . $this->db->escape($product_option_value['weight_prefix']) . "'");
LINE: 56
LINE: 216
CODE: => $product_option['required']
LINE: 604
CODE: 'weight_prefix'           => $product_option_value['weight_prefix']
LINE: 591
CODE: public function getProductImages($product_id)
LINE: 678
CODE: <?php foreach ($product_options as $product_option) { ?>
LINE: 502
CODE: <?php if ($product_option['type'] == 'text') { ?>
LINE: 555
CODE: <?php if ($product_option['type'] == 'text') { ?>
LINE: 576
CODE: <?php if ($product_option['type'] == 'textarea') { ?>
LINE: 605
CODE: <?php if ($product_option['type'] == 'file') { ?>
LINE: 634
CODE: <?php if ($product_option['type'] == 'date') { ?>
LINE: 663
CODE: <?php if ($product_option['type'] == 'time') { ?>
LINE: 696
CODE: <?php if ($product_option['type'] == 'datetime') { ?>
LINE: 729
CODE: html += '        <td class="text-right"><?php echo $entry_weight; ?></td>';
LINE: 1416
CODE: <td class="text-right"><?php echo $entry_weight; ?></td>
LINE: 754
CODE: <td colspan="6"></td>
LINE: 839
LINE: 954
LINE: 1429
CODE: <input type="text" name="product_option[<?php echo $option_row; ?>][product_option_value][<?php echo $option_value_row; ?>][weight]" value="<?php echo $product_option_value['weight']; ?>" placeholder="<?php echo $entry_weight; ?>" class="form-control" /></td>
LINE: 850
CODE: <select id="option-values<?php echo $option_row; ?>" style="display: none;">
LINE: 873
CODE: if (item['type'] == 'text') {
LINE: 1416
CODE: html += '        <td class="text-right relate-option"><?php echo $entry_weight; ?></td>';
LINE: 1472
CODE: html  = '<div class="tab-pane" id="tab-option' + option_row + '">';
LINE: 1386
CODE: html += '  <input type="text" name="product_option[' + option_row + '][product_option_value][' + option_value_row + '][weight]" value="" placeholder="<?php echo $entry_weight; ?>" class="form-control" /></td>';
LINE: 1572
CODE: onclick="$('a[href=\'#tab-option<?php echo $option_row; ?>\']').parent().remove(); $('#tab-option<?php echo $option_row; ?>').remove(); $('#option a:first').tab('show');"
LINE: 503
CODE: onclick="$(this).tooltip('destroy');$('#option-value-row<?php echo $option_value_row; ?>').remove();"
LINE: 851
CODE: onclick=" $(\'#option a:first\').tab(\'show\');$(\'a[href=\\\'#tab-option' + option_row + '\\\']\').parent().remove(); $(\'#tab-option' + option_row + '\').remove();"
LINE: 1505
CODE: onclick="$(this).tooltip(\'destroy\');$(\'#option-value-row' + option_value_row + '\').remove();"
LINE: 1573
CODE: $('[rel=tooltip]').tooltip();
LINE: 1581
CODE: var option_value_row = <?php echo $option_value_row; ?>;
LINE: 1618

FILE: catalog/controller/product/product.php
CODE: 'required'             => $option['required']
LINE: 414
CODE: 'price_prefix'            => $option_value['price_prefix']
LINE: 401
CODE: foreach ($this->model_catalog_product->getProductOptions($this->request->get['product_id']) as $option) {
LINE: 376
CODE: if ($product_info['minimum']) {
LINE: 441
CODE: $product_option_value_data = array();
LINE: 402
CODE: $data['options'][] = array(
LINE: 438
CODE: $data['text_loading'] = $this->language->get('text_loading');
LINE: 265

FILE: catalog/controller/product/quickview.php
CODE: 'required'             => $option['required']
LINE: 397
CODE: 'price_prefix'            => $option_value['price_prefix']
LINE: 384
CODE: foreach ($this->model_catalog_product->getProductOptions($this->request->get['product_id']) as $option) {
LINE: 359
CODE: if ($product_info['minimum']) {
LINE: 424
CODE: $product_option_value_data = array();
LINE: 385
CODE: $data['options'][] = array(
LINE: 421
CODE: $data['text_loading'] = $this->language->get('text_loading');
LINE: 251
CODE: 'weight_prefix'           => $product_option_value['weight_prefix']
LINE: 390
CODE: 'required'             => $product_option['required']
LINE: 404
CODE: foreach ($product_option_query->rows as $product_option) {
LINE: 371
CODE: return $product_option_data;
LINE: 428
----------------------------------------------------------------
MOD: Related / Dependent options / temlate default

FILE: catalog/view/theme/marcjewelry/template/product/product.tpl
CODE: <div class="form-group<?php echo ($option['required'] ? ' required' : ''); ?>">
NOT FOUND - OPERATIONS ABORTED!

FILE: catalog/view/theme/marcjewelry/template/product/quickview.tpl
CODE: <div class="form-group<?php echo ($option['required'] ? ' required' : ''); ?>">
NOT FOUND - OPERATIONS ABORTED!
----------------------------------------------------------------
MOD: OcStore 2.3.x track number
CODE: $data['shipping_method'] = $order_info['shipping_method'];
LINE: 842
LINE: 1221
CODE: public function history() {
LINE: 1824
CODE: $order_query->row['order_id'],
LINE: 96
CODE: $order_query->row['order_id'],
LINE: 170

FILE: admin/view/template/sale/order_info.tpl
CODE: <td><?php echo $text_reward; ?></td>
LINE: 100
CODE: <?php echo $footer; ?>
LINE: 701

FILE: catalog/model/account/order.php
CODE: $order_query->row['order_id'],
LINE: 46

FILE: catalog/controller/account/order.php
CODE: if ($order_info['invoice_no']) {
LINE: 210

FILE: catalog/view/theme/default/template/account/order_info.tpl
CODE: <b><?php echo $text_shipping_method; ?></b> <?php echo $shipping_method; ?>
LINE: 49

FILE: catalog/view/theme/marcjewelry/template/account/order_info.tpl
CODE: <b><?php echo $text_shipping_method; ?></b> <?php echo $shipping_method; ?>
LINE: 27
----------------------------------------------------------------
MOD: Local copy OCMOD by iSenseLabs

FILE: admin/controller/extension/installer.php
CODE: 'url'  => str_replace('&amp;', '&', $this->url->link('extension/installer/ftp', 'token=' . $this->session->data['token'],
LINE: 131
CODE: public function unzip() {
LINE: 292
----------------------------------------------------------------
MOD: OCFilter Modification
CODE: function getForm() {
LINE: 747
CODE: $data['tab_general'] = $this->language->get('tab_general');
LINE: 871

FILE: admin/controller/common/column_left.php
CODE: if ($this->user->hasPermission('access', 'catalog/filter')) {
LINE: 81

FILE: admin/language/en-gb/catalog/product.php
CODE: $_['text_success']
LINE: 12

FILE: admin/language/en-gb/common/column_left.php
CODE: $_['text_option']
LINE: 40

FILE: admin/language/ru-ru/catalog/product.php
CODE: $_['text_success']
LINE: 12

FILE: admin/language/ru-ru/common/column_left.php
CODE: $_['text_option']
LINE: 40
CODE: if (isset($data['image'])) {
LINE: 29
LINE: 204
CODE: $data['product_attribute'] = $this->getProductAttributes($product_id);
LINE: 400
CODE: $this->db->query("DELETE FROM " . DB_PREFIX . "product WHERE product_id = '" . (int)$product_id . "'");
LINE: 427
CODE: <script type="text/javascript"><!--
LINE: 1182

FILE: catalog/controller/startup/maintenance.php
CODE: index() {
LINE: 7
CODE: $this->url->addRewrite($this);
LINE: 12

FILE: catalog/controller/startup/seo_pro.php
CODE: $this->url->addRewrite($this);
LINE: 33
CODE: if (!empty($data['filter_manufacturer_id'])) {
LINE: 166
LINE: 592
CODE: $data['breadcrumbs'] = array();
LINE: 54
CODE: $product_total =
LINE: 278
CODE: if (isset($this->request->get['filter'])) {
LINE: 447
CODE: if (isset($this->request->get['filter'])) {
LINE: 527
CODE: if (isset($this->request->get['filter'])) {
LINE: 567
CODE: $data['limit'] = $limit;
LINE: 691

FILE: system/library/document.php
CODE: private $keywords;
LINE: 9
CODE: public function setTitle($title) {
LINE: 26
CODE: $data['scripts'] = $this->document->getScripts();
LINE: 38
CODE: </title>
LINE: 18
CODE: </title>
LINE: 26
----------------------------------------------------------------
MOD: Export/Import Tool (V3.10) for Ocstore 2.x
CODE: if ($this->user->hasPermission('access', 'tool/log')) {
LINE: 647
CODE: $_['text_backup']
LINE: 9
CODE: $_['text_backup']
LINE: 9
----------------------------------------------------------------
MOD: OCdevWizard: Helper for modules
CODE: $design = array();
LINE: 234
CODE: <?php
LINE: 5
CODE: <?php
LINE: 5

FILE: catalog/view/theme/default/template/common/footer.tpl
CODE: </footer>
LINE: 65

FILE: catalog/view/theme/marcjewelry/template/common/footer.tpl
CODE: </footer>
NOT FOUND - OPERATION SKIPPED!
----------------------------------------------------------------
MOD: OCdevWizard: Smart Wishlist Without Login

FILE: admin/controller/startup/permission.php
CODE: $ignore = array(
LINE: 41
CODE: $ocdevwizard = array();
LINE: 240
CODE: <?php
LINE: 6
CODE: <?php
LINE: 6

FILE: catalog/controller/account/wishlist.php
CODE: public function index() {
LINE: 14
CODE: if (!$this->customer->isLogged()) {
LINE: 15
CODE: public function add() {
LINE: 158
CODE: if ($this->customer->isLogged()) {
LINE: 174
----------------------------------------------------------------
MOD: Exchange Module for OpenCart 2.3
CODE: if ($this->user->hasPermission('access', 'extension/event')) {
LINE: 210

FILE: catalog/language/ru-ru/checkout/cart.php
CODE: $_['column_price']          = 'Цена за шт.';
NOT FOUND - OPERATIONS ABORTED!
CODE: $data['column_price'] = $this->language->get('column_price');
LINE: 31
CODE: $this->load->model('tool/upload');
LINE: 73
CODE: 'price'     => $price,
LINE: 163
CODE: $this->cart->add($this->request->post['product_id'], $quantity, $option, $recurring_id);
LINE: 530

FILE: catalog/view/theme/default/template/checkout/cart.tpl
CODE: <td class="text-right"><?php echo $column_price; ?></td>
LINE: 46
CODE: <td class="text-right"><?php echo $product['price']; ?></td>
LINE: 82

FILE: catalog/view/theme/marcjewelry/template/checkout/cart.tpl
CODE: <td class="text-right"><?php echo $column_price; ?></td>
NOT FOUND - OPERATIONS ABORTED!
CODE: 'price'           => ($price + $option_price),
LINE: 313
CODE: public function add($product_id, $quantity = 1, $option = array(), $recurring_id = 0) {
LINE: 334
CODE: $this->db->query("INSERT " . DB_PREFIX . "cart SET api_id = '" . (isset($this->session->data['api_id']) ? (int)$this->session->data['api_id'] : 0) . "', customer_id = '" . (int)$this->customer->getId() . "', session_id = '" . $this->db->escape($this->session->getId()) . "', product_id = '" . (int)$product_id . "', recurring_id = '" . (int)$recurring_id . "', `option` = '" . $this->db->escape(json_encode($option)) . "', quantity = '" . (int)$quantity . "', date_added = NOW()");
NOT FOUND - OPERATIONS ABORTED!

FILE: catalog/language/ru-ru/checkout/checkout.php
CODE: $_['column_price']                   = 'Цена';
NOT FOUND - OPERATIONS ABORTED!

FILE: catalog/controller/checkout/confirm.php
CODE: $data['column_price'] = $this->language->get('column_price');
LINE: 336
CODE: $order_data['products'] = array();
LINE: 211
CODE: price'      => $this->currency->format($this->tax->calculate($product['price'], $product['tax_class_id'], $this->config->get('config_tax')), $this->session->data['currency']),
LINE: 398
CODE: 'price'      => $product['price'],
LINE: 237

FILE: catalog/view/theme/default/template/checkout/confirm.tpl
CODE: <td class="text-right"><?php echo $column_price; ?></td>
LINE: 9
CODE: <td class="text-right"><?php echo $product['price']; ?></td>
LINE: 28
CODE: <td class="text-right"><?php echo $voucher['amount']; ?></td>
LINE: 39
CODE: <td colspan="4" class="text-right"><strong><?php echo $total['title']; ?>:</strong></td>
LINE: 46

FILE: catalog/view/theme/marcjewelry/template/checkout/confirm.tpl
CODE: <td class="text-right"><?php echo $column_price; ?></td>
LINE: 9
CODE: <td class="text-right"><?php echo $product['price']; ?></td>
LINE: 28
CODE: <td class="text-right"><?php echo $voucher['amount']; ?></td>
LINE: 39
CODE: <td colspan="4" class="text-right"><strong><?php echo $total['title']; ?>:</strong></td>
LINE: 46
CODE: $data['column_price'] = $this->language->get('column_price');
LINE: 177
CODE: $this->load->model('tool/upload');
LINE: 294
CODE: $data['products'][] = array(
LINE: 334
CODE: public function addOrder($data) {
LINE: 11
CODE: $this->db->query("INSERT INTO " . DB_PREFIX . "order_product SET order_id = '" . (int)$order_id . "', product_id = '" . (int)$product['product_id'] . "', name = '" . $this->db->escape($product['name']) . "', model = '" . $this->db->escape($product['model']) . "', quantity = '" . (int)$product['quantity'] . "', price = '" . (float)$product['price'] . "', total = '" . (float)$product['total'] . "', tax = '" . (float)$product['tax'] . "', reward = '" . (int)$product['reward'] . "'");
LINE: 19
LINE: 67
CODE: <td class="text-right"><?php echo $column_price; ?></td>
LINE: 80
CODE: <td class="text-right"><?php echo $product['price']; ?></td>
LINE: 98
CODE: <td class="text-right"><?php echo $voucher['amount']; ?></td>
LINE: 113
CODE: <td colspan="3"></td>
LINE: 123
CODE: <td class="text-right"><b><?php echo $total['title']; ?></b></td>
LINE: 124
CODE: <td class="text-right"><?php echo $column_price; ?></td>
LINE: 58
CODE: <td class="text-right"><?php echo $product['price']; ?></td>
LINE: 76
CODE: <td class="text-right"><?php echo $voucher['amount']; ?></td>
LINE: 91
CODE: <td colspan="3"></td>
LINE: 101
CODE: <td class="text-right"><b><?php echo $total['title']; ?></b></td>
LINE: 102

FILE: catalog/language/ru-ru/account/order.php
CODE: $_['column_price']          = 'Цена';
LINE: 33
CODE: if ($product_info['quantity'] <= 0) {
LINE: 395
CODE: $product_option_value_data[] = array(
LINE: 505
LINE: 547
CODE: 'product_option_value_id' => $option_value['product_option_value_id'],
LINE: 510
LINE: 556
CODE: public function getTotalProductSpecials() {
LINE: 642
CODE: 'order_id'                => $order_query->row['order_id'],
LINE: 101

FILE: catalog/view/theme/default/template/product/product.tpl
CODE: <li><?php echo $text_stock; ?> <?php echo $stock; ?></li>
LINE: 134
CODE: <h2><?php echo $price; ?></h2>
LINE: 140
CODE: <li><?php echo $text_tax; ?> <?php echo $tax; ?></li>
LINE: 149
CODE: <li><?php echo $text_points; ?> <?php echo $points; ?></li>
LINE: 152
CODE: <option value="<?php echo $option_value['product_option_value_id']; ?>">
LINE: 175
CODE: <input type="radio" name="option[<?php echo $option['product_option_id']; ?>]"
LINE: 191
CODE: <input type="checkbox" name="option[<?php echo $option['product_option_id']; ?>][]"
LINE: 212
CODE: <input type="hidden" name="product_id" value="<?php echo $product_id; ?>" />
LINE: 296
CODE: $(document).ready(function() {
LINE: 1074
LINE: 1576
CODE: $(document).ready(function() {
LINE: 1102
LINE: 1632
CODE: <li><?php echo $text_stock; ?> <?php echo $stock; ?></li>
NOT FOUND - OPERATIONS ABORTED!
----------------------------------------------------------------
MOD: SMSC
CODE: public function __construct($registry) {
LINE: 22

FILE: catalog/controller/information/contact.php
CODE: $this->response->redirect($this->url->link('information/contact/success'));
LINE: 38

FILE: catalog/controller/account/register.php
CODE: $this->response->redirect($this->url->link('account/success'));
LINE: 59

FILE: catalog/controller/checkout/register.php
CODE: $this->model_account_customer->addCustomer($this->request->post);
LINE: 251

FILE: catalog/controller/checkout/success.php
CODE: if (isset($this->session->data['order_id'])) {
LINE: 25

FILE: catalog/controller/api/order.php
CODE: $this->model_checkout_order->addOrderHistory($order_id, $this->request->post['order_status_id'], $this->request->post['comment'], $this->request->post['notify']
LINE: 860
CODE: $data['entry_telephone'] = $this->language->get('entry_telephone');
LINE: 107
CODE: if (isset($this->error['telephone'])) {
LINE: 156
CODE: if ((utf8_strlen($this->request->post['telephone']) < 3)
LINE: 419
CODE: if (isset($this->request->post['fax'])) {
LINE: 272

FILE: catalog/view/theme/default/template/account/register.tpl
CODE: <div class="form-group">
LINE: 97
CODE: => $this->url->link('extension/module/' . $extension, 'token=' . $this->session->data['token'], true)
LINE: 192
----------------------------------------------------------------
MOD: Уменьшаем HTML

FILE: system/library/response.php
CODE: $output = $this->level ? $this->compress($this->output, $this->level) : $this->output;
LINE: 59
CODE: echo $output;
LINE: 175
----------------------------------------------------------------
MOD: Missing Cart
CODE: public function index() {
LINE: 7
----------------------------------------------------------------
MOD: Viewed product
CODE: if ($product_info) {
LINE: 171
----------------------------------------------------------------
MOD: Rich snippets for Opencart v2.2

FILE: admin/controller/setting/setting.php
CODE: $this->load->model('localisation/location');
LINE: 619

FILE: admin/controller/setting/store.php
CODE: $this->load->model('localisation/location');
LINE: 578

FILE: admin/view/template/setting/setting.tpl
CODE: <div class="tab-pane" id="tab-store">
LINE: 125

FILE: admin/view/template/setting/store_form.tpl
CODE: <div class="tab-pane" id="tab-store">
LINE: 140
CODE: $data['language'] = $this->load->controller('common/language');
LINE: 155
CODE: </head>
LINE: 93
CODE: </head>
LINE: 380
CODE: 'rating'           => round($query->row['rating']),
LINE: 48
CODE: public function index() {
LINE: 34
CODE: $this->response->setOutput($this->load->view('product/product', $data));
LINE: 780
CODE: <div id="review"></div>
LINE: 70
CODE: $('#review').load('index.php?route=product/product/review&product_id=<?php echo $product_id; ?>');
LINE: 579
CODE: <?php echo $footer; ?>
LINE: 1732
CODE: <div id="review"></div>
NOT FOUND - OPERATIONS ABORTED!
CODE: $data['breadcrumbs'] = array();
LINE: 47
CODE: $data['breadcrumbs'] = array();
LINE: 64
CODE: $data['breadcrumbs'] = array();
LINE: 32
LINE: 133
CODE: $data['breadcrumbs'] = array();
LINE: 49

FILE: catalog/controller/information/information.php
CODE: $data['breadcrumbs'] = array();
LINE: 17
CODE: $data['breadcrumbs'] = array();
LINE: 51
LINE: 222

FILE: catalog/controller/information/sitemap.php
CODE: $data['breadcrumbs'] = array();
LINE: 17
CODE: <?php echo $footer; ?>
LINE: 1768
CODE: <?php echo $footer; ?>
LINE: 1746

FILE: catalog/view/theme/default/template/product/category.tpl
CODE: <?php echo $footer; ?>
LINE: 189

FILE: catalog/view/theme/marcjewelry/template/product/category.tpl
CODE: <?php echo $footer; ?>
LINE: 313

FILE: catalog/view/theme/default/template/product/manufacturer_info.tpl
CODE: <?php echo $footer; ?>
LINE: 162

FILE: catalog/view/theme/marcjewelry/template/product/manufacturer_info.tpl
CODE: <?php echo $footer; ?>
LINE: 250

FILE: catalog/view/theme/default/template/product/manufacturer_list.tpl
CODE: <?php echo $footer; ?>
LINE: 80

FILE: catalog/view/theme/marcjewelry/template/product/manufacturer_list.tpl
CODE: <?php echo $footer; ?>
LINE: 74

FILE: catalog/view/theme/default/template/product/special.tpl
CODE: <?php echo $footer; ?>
LINE: 151

FILE: catalog/view/theme/marcjewelry/template/product/special.tpl
CODE: <?php echo $footer; ?>
LINE: 252

FILE: catalog/view/theme/default/template/information/information.tpl
CODE: <?php echo $footer; ?>
LINE: 56

FILE: catalog/view/theme/marcjewelry/template/information/information.tpl
CODE: <?php echo $footer; ?>
LINE: 45

FILE: catalog/view/theme/default/template/information/contact.tpl
CODE: <?php echo $footer; ?>
LINE: 179

FILE: catalog/view/theme/marcjewelry/template/information/contact.tpl
CODE: <?php echo $footer; ?>
LINE: 108

FILE: catalog/view/theme/default/template/information/sitemap.tpl
CODE: <?php echo $footer; ?>
LINE: 106

FILE: catalog/view/theme/marcjewelry/template/information/sitemap.tpl
CODE: <?php echo $footer; ?>
LINE: 93
----------------------------------------------------------------
MOD: Удаление модулей
CODE: $data['header'] = $this->load->controller('common/header');
LINE: 50
CODE: $data['token'] = $this->session->data['token'];
LINE: 42
CODE: move_uploaded_file($this->request->files['file']['tmp_name'], $file);
LINE: 119
LINE: 157
CODE: $zip_name = zip_entry_name($entry);
LINE: 222
CODE: $json['success'] = $this->language->get('text_success');
LINE: 746
CODE: $json['error'] = sprintf($this->language->get('error_exists'), $modification_info['name']);
LINE: 623
CODE: public function unzip() {
LINE: 507
CODE: 'url'  => str_replace('&amp;', '&', $this->url->link('extension/installer/ftp', 'token=' . $this->session->data['token'], 'SSL')),
NOT FOUND - OPERATION SKIPPED!
CODE: 'url'  => str_replace('&amp;', '&', $this->url->link('extension/installer/ftp', 'token=' . $this->session->data['token'], true)),
NOT FOUND - OPERATION SKIPPED!
CODE: 'url'  => str_replace('&amp;', '&', $this->url->link('extension/installer/localcopy', 'token=' . $this->session->data['token'], 'SSL')),
NOT FOUND - OPERATION SKIPPED!
CODE: 'url'  => str_replace('&amp;', '&', $this->url->link('extension/installer/localcopy', 'token=' . $this->session->data['token'], true)),
LINE: 173

FILE: admin/controller/extension/modification.php
CODE: $this->response->redirect
LINE: 52
LINE: 453
LINE: 525
LINE: 562
LINE: 599
LINE: 634

FILE: admin/language/en-gb/extension/installer.php
CODE: <?php
LINE: 8

FILE: admin/language/ru-ru/extension/installer.php
CODE: <?php
LINE: 8
CODE: <?php
LINE: 4
CODE: <?php
LINE: 4
CODE: if ($this->user->hasPermission('access', 'extension/extension')) {
LINE: 196
----------------------------------------------------------------
MOD: Color kits
CODE: $data['products'] = array();
LINE: 766
CODE: <?php if ($options) { ?>
LINE: 264
CODE: <?php if ($options) { ?>
LINE: 314
CODE: </head>
LINE: 136
CODE: </head>
LINE: 423
----------------------------------------------------------------
MOD: OCMOD Editor for OpenCart 2.2 and 2.3
CODE: $data['refresh'] = $this->url->link('extension/modification/refresh', 'token=' . $this->session->data['token'] . $url, true);
LINE: 690
CODE: $data['modifications'][] = array(
LINE: 712
CODE: $data['tab_log'] = $this->language->get('tab_log');
LINE: 757
CODE: $this->response->redirect($this->url->link('extension/modification', 'token=' . $this->session->data['token'] . $url, true));
LINE: 525

FILE: admin/view/template/extension/modification.tpl
CODE: <div class="pull-right">
LINE: 5
CODE: <?php if (!$modification['enabled']) { ?>
LINE: 98
----------------------------------------------------------------
MOD: Extra_email_WebJeweler
CODE: $data['text_greeting'] = sprintf($language->get('text_new_greeting'), $order_info['store_name']);
LINE: 405
CODE: $text  = sprintf($language->get('text_new_greeting'), html_entity_decode($order_info['store_name'], ENT_QUOTES, 'UTF-8')) . "\n\n";
LINE: 588
CODE: $data = array();
LINE: 402
CODE: $option_data = array();
LINE: 538
CODE: $data['products'][] = array(
LINE: 565
CODE: if ($comment && $notify) {
LINE: 451
LINE: 602

FILE: catalog/view/theme/default/template/mail/order.tpl
CODE: <?php echo $product['name']; ?>
LINE: 83
----------------------------------------------------------------
MOD: Иизображение товара в заказе админка
CODE: $query = $this->db->query("SELECT * FROM " . DB_PREFIX . "order_product WHERE order_id = '" . (int)$order_id . "'");
LINE: 263
CODE: foreach ($products as $product) {
LINE: 853
LINE: 1307
LINE: 2027
LINE: 2249
CODE: $data['products'][] = array(
LINE: 1340
CODE: $data['products'][] = array(
LINE: 1343
CODE: <td class="text-left"><?php echo $column_product; ?></td>
LINE: 176
CODE: <td class="text-left"><a href="<?php echo $product['href']; ?>"><?php echo $product['name']; ?></a>
LINE: 189
----------------------------------------------------------------
MOD: Answer to the commentary for OpenCart 2x
CODE: $data['entry_text'] = $this->language->get('entry_text');
LINE: 506
CODE: $this->load->model('catalog/product');
LINE: 619
CODE: if (isset($this->request->post['rating'])) {
LINE: 670

FILE: admin/language/ru-ru/catalog/review.php
CODE: $_['entry_text']
LINE: 27

FILE: admin/language/en-gb/catalog/review.php
CODE: $_['entry_text']
LINE: 27

FILE: admin/model/catalog/review.php
CODE: public function getReviews($data = array()) {
LINE: 42
CODE: $this->db->query("INSERT INTO " . DB_PREFIX . "review SET author = '" . $this->db->escape($data['author']) . "', product_id = '" . (int)$data['product_id'] . "', text = '" . $this->db->escape(strip_tags($data['text'])) . "', rating = '" . (int)$data['rating'] . "', status = '" . (int)$data['status'] . "', date_added = '" . $this->db->escape($data['date_added']) . "'");
LINE: 3
CODE: $this->db->query("UPDATE " . DB_PREFIX . "review SET author = '" . $this->db->escape($data['author']) . "', product_id = '" . (int)$data['product_id'] . "', text = '" . $this->db->escape(strip_tags($data['text'])) . "', rating = '" . (int)$data['rating'] . "', status = '" . (int)$data['status'] . "', date_added = '" . $this->db->escape($data['date_added']) . "', date_modified = NOW() WHERE review_id = '" . (int)$review_id . "'");
LINE: 15

FILE: admin/view/template/catalog/review_form.tpl
CODE: <label class="col-sm-2 control-label" for="input-name"><?php echo $entry_rating; ?></label>
LINE: 70
CODE: $data['text_no_reviews'] = $this->language->get('text_no_reviews');
LINE: 11
LINE: 956
CODE: $data['reviews'][] = array(
LINE: 22
LINE: 979

FILE: catalog/model/catalog/review.php
CODE: $query = $this->db->query("SELECT r.review_id, r.author, r.rating, r.text, p.product_id, pd.name, p.price, p.image, r.date_added FROM " . DB_PREFIX . "review r LEFT JOIN " . DB_PREFIX . "product p ON (r.product_id = p.product_id) LEFT JOIN " . DB_PREFIX . "product_description pd ON (p.product_id = pd.product_id) WHERE p.product_id = '" . (int)$product_id . "' AND p.date_available <= NOW() AND p.status = '1' AND r.status = '1' AND pd.language_id = '" . (int)$this->config->get('config_language_id') . "' ORDER BY r.date_added DESC LIMIT " . (int)$start . "," . (int)$limit);
LINE: 59

FILE: catalog/view/theme/default/template/product/review.tpl
CODE: <div class="text"><?php echo $review['text']; ?></div>
NOT FOUND - OPERATION SKIPPED!

FILE: catalog/view/theme/marcjewelry/template/product/review.tpl
CODE: <div class="text"><?php echo $review['text']; ?></div>
LINE: 5
CODE: <td colspan="2"><p><?php echo $review['text']; ?></p>
LINE: 94
CODE: <td colspan="2"><p><?php echo $review['text']; ?></p>
LINE: 811
----------------------------------------------------------------
MOD: affiliate

FILE: admin/controller/extension/module/affiliate.php
CODE: function index()
LINE: 89

FILE: admin/view/template/extension/module/affiliate.tpl
CODE: $action;
LINE: 33
CODE: $data['column_action'] = $this->language->get('column_action');
LINE: 273
CODE: $this->model_marketing_coupon->deleteCoupon($coupon_id);
LINE: 144
CODE: $this->error['code'] = $this->language->get('error_code');
LINE: 647
CODE: function index()
LINE: 163

FILE: admin/view/template/marketing/coupon_list.tpl
CODE: </button>
LINE: 8

FILE: catalog/model/extension/total/coupon.php
CODE: function getCoupon($code)
LINE: 6
CODE: $url = '';
LINE: 62
LINE: 129
LINE: 203
LINE: 270
LINE: 337
LINE: 441
LINE: 605
LINE: 648
LINE: 878
CODE: function getList()
LINE: 393
CODE: $filter_status,
LINE: 515
CODE: $data['affiliates'][]
LINE: 547
CODE: $data['filter_status']
LINE: 717
CODE: $data['text_bank']
LINE: 780
CODE: $this->model_marketing_affiliate->getAffiliate($this->request->get['affiliate_id']);
LINE: 1144
CODE: $data['text_balance']
LINE: 1519
CODE: $data['payment'] = $affiliate_info['payment'];
LINE: 1290
CODE: $data['payment'] = 'cheque';
LINE: 1296

FILE: admin/model/marketing/affiliate.php
CODE: 'a.status',
LINE: 80
CODE: $message  = sprintf($this->language->get('text_transaction_received'), $this->currency->format($amount, $this->config->get('config_currency'))) . "\n\n";
LINE: 215
CODE: if ($implode)
LINE: 78
LINE: 196
CODE: affiliate SET firstname
LINE: 7
LINE: 17

FILE: admin/view/template/marketing/affiliate_list.tpl
CODE: $column_balance;
LINE: 111
CODE: <button type="button" class="btn btn-default"><i class="fa fa-calendar"></i></button>
LINE: 101
CODE: $affiliate['balance'];
LINE: 161
CODE: location = url;
LINE: 233

FILE: admin/view/template/marketing/affiliate_form.tpl
CODE: <label class="col-sm-2 control-label"><?php echo $entry_payment; ?></label>
LINE: 213
CODE: $this->model_checkout_order->addOrderHistory
LINE: 863
CODE: $('textarea[name=\'comment\']').val('');
LINE: 634
----------------------------------------------------------------
MOD: affiliate_catalog_account

FILE: catalog/controller/extension/module/affiliate.php
CODE: ('extension/module/affiliate')
LINE: 9

FILE: catalog/view/theme/default/template/extension/module/affiliate.tpl
CODE: <?php echo $text_payment; ?>
LINE: 11
CODE: <?php echo $text_transaction; ?>
LINE: 11

FILE: catalog/view/theme/marcjewelry/template/extension/module/affiliate.tpl
CODE: <?php echo $text_payment; ?>
LINE: 17
CODE: <?php echo $text_transaction; ?>
LINE: 22

FILE: catalog/controller/affiliate/account.php
CODE: $this->language->get('text_transaction');
LINE: 49

FILE: catalog/controller/affiliate/payment.php
CODE: function index()
LINE: 85
CODE: if ($this->request->server['REQUEST_METHOD'] == 'POST') {
LINE: 98
CODE: $data['heading_title']
LINE: 266
CODE: $data['payment'] = $affiliate_info['payment'];
LINE: 303
CODE: $data['payment'] = 'cheque';
LINE: 308
CODE: if (isset($this->request->post['cheque']))
LINE: 448

FILE: catalog/controller/affiliate/register.php
CODE: $data['payment'] = 'cheque';
LINE: 262
CODE: $data['heading_title']
LINE: 265
CODE: function validate() {
LINE: 650

FILE: catalog/controller/affiliate/tracking.php
CODE: $this->language->get('heading_title');
LINE: 55

FILE: catalog/model/affiliate/affiliate.php
CODE: $affiliate_id = $this->db->getLastId();
LINE: 13
CODE: $message .= $this->language->get('text_approval') . "\n";
LINE: 24
CODE: affiliate SET tax
LINE: 106

FILE: catalog/view/theme/default/template/affiliate/account.tpl
CODE: $content_top;
LINE: 29
CODE: $text_payment;
LINE: 40
CODE: $text_transaction;
LINE: 54

FILE: catalog/view/theme/marcjewelry/template/affiliate/account.tpl
CODE: $content_top;
NOT FOUND - OPERATION SKIPPED!
CODE: $text_payment;
LINE: 15
CODE: $text_transaction;
LINE: 29

FILE: catalog/view/theme/default/template/affiliate/tracking.tpl
CODE: <p><?php echo $text_description; ?></p>
LINE: 17
CODE: <?php echo $footer; ?>
LINE: 61

FILE: catalog/view/theme/marcjewelry/template/affiliate/tracking.tpl
CODE: <p><?php echo $text_description; ?></p>
LINE: 5
CODE: <?php echo $footer; ?>
LINE: 49

FILE: catalog/view/theme/default/template/affiliate/register.tpl
CODE: <label class="col-sm-2 control-label"><?php echo $entry_payment; ?></label>
LINE: 153

FILE: catalog/view/theme/marcjewelry/template/affiliate/register.tpl
CODE: <label class="col-sm-2 control-label"><?php echo $entry_payment; ?></label>
LINE: 138

FILE: catalog/view/theme/default/template/affiliate/payment.tpl
CODE: <label class="col-sm-2 control-label"><?php echo $entry_payment; ?></label>
LINE: 27

FILE: catalog/view/theme/marcjewelry/template/affiliate/payment.tpl
CODE: <label class="col-sm-2 control-label"><?php echo $entry_payment; ?></label>
LINE: 15
CODE: $order_query->row['order_id']
LINE: 181
CODE: $this->getOrder($order_id);
LINE: 260

FILE: catalog/controller/common/home.php
CODE: $this->document->setTitle
LINE: 7
CODE: $this->load->language('product/product');
LINE: 10
LINE: 50
LINE: 965
LINE: 1017
LINE: 1061
CODE: $this->load->language('product/category');
LINE: 7
----------------------------------------------------------------
MOD: affiliate_datetimepicker
CODE: $this->data['heading_title']
NOT FOUND - OPERATION SKIPPED!

FILE: catalog/controller/affiliate/edit.php
CODE: $this->data['heading_title']
NOT FOUND - OPERATION SKIPPED!

FILE: catalog/controller/affiliate/forgotten.php
CODE: $this->data['heading_title']
NOT FOUND - OPERATION SKIPPED!

FILE: catalog/controller/affiliate/login.php
CODE: $this->data['heading_title']
NOT FOUND - OPERATION SKIPPED!

FILE: catalog/controller/affiliate/logout.php
CODE: $this->data['heading_title']
NOT FOUND - OPERATION SKIPPED!

FILE: catalog/controller/affiliate/orderpayment.php
CODE: $this->data['heading_title']
NOT FOUND - OPERATION SKIPPED!

FILE: catalog/controller/affiliate/password.php
CODE: $this->data['heading_title']
NOT FOUND - OPERATION SKIPPED!
CODE: $this->data['heading_title']
NOT FOUND - OPERATION SKIPPED!
CODE: $this->data['heading_title']
NOT FOUND - OPERATION SKIPPED!

FILE: catalog/controller/affiliate/statistics.php
CODE: $this->data['heading_title']
NOT FOUND - OPERATION SKIPPED!

FILE: catalog/controller/affiliate/success.php
CODE: $this->data['heading_title']
NOT FOUND - OPERATION SKIPPED!
CODE: $this->data['heading_title']
NOT FOUND - OPERATION SKIPPED!

FILE: catalog/controller/affiliate/transaction.php
CODE: $this->data['heading_title']
NOT FOUND - OPERATION SKIPPED!
----------------------------------------------------------------
MOD: affiliate_style
CODE: $this->data['heading_title']
NOT FOUND - OPERATION SKIPPED!
CODE: $this->data['heading_title']
NOT FOUND - OPERATION SKIPPED!
CODE: $this->data['heading_title']
NOT FOUND - OPERATION SKIPPED!
CODE: $this->data['heading_title']
NOT FOUND - OPERATION SKIPPED!
CODE: $this->data['heading_title']
NOT FOUND - OPERATION SKIPPED!
CODE: $this->data['heading_title']
NOT FOUND - OPERATION SKIPPED!
CODE: $this->data['heading_title']
NOT FOUND - OPERATION SKIPPED!
CODE: $this->data['heading_title']
NOT FOUND - OPERATION SKIPPED!
CODE: $this->data['heading_title']
NOT FOUND - OPERATION SKIPPED!
CODE: $this->data['heading_title']
NOT FOUND - OPERATION SKIPPED!
CODE: $this->data['heading_title']
NOT FOUND - OPERATION SKIPPED!
CODE: $this->data['heading_title']
NOT FOUND - OPERATION SKIPPED!
CODE: $this->data['heading_title']
NOT FOUND - OPERATION SKIPPED!
----------------------------------------------------------------
MOD: lang_affiliate.en

FILE: catalog/language/en-gb/extension/module/affiliate.php
CODE: ?php
LINE: 4

FILE: admin/language/en-gb/marketing/coupon.php
CODE: ?php
LINE: 3

FILE: admin/language/en-gb/marketing/affiliate.php
CODE: ?php
LINE: 37

FILE: admin/language/en-gb/common/header.php
CODE: ?php
LINE: 4

FILE: admin/language/en-gb/extension/module/affiliate.php
CODE: ?php
LINE: 40

FILE: admin/language/en-gb/mail/affiliate.php
CODE: ?php
LINE: 3

FILE: catalog/language/en-gb/affiliate/account.php
CODE: ?php
LINE: 9

FILE: catalog/language/en-gb/affiliate/payment.php
CODE: ?php
LINE: 55

FILE: catalog/language/en-gb/affiliate/register.php
CODE: ?php
LINE: 55

FILE: catalog/language/en-gb/affiliate/tracking.php
CODE: ?php
LINE: 5

FILE: catalog/language/en-gb/mail/affiliate.php
CODE: ?php
LINE: 10
----------------------------------------------------------------
MOD: lang_affiliate.ru

FILE: catalog/language/ru-ru/extension/module/affiliate.php
CODE: ?php
LINE: 4

FILE: admin/language/ru-ru/marketing/coupon.php
CODE: ?php
LINE: 3

FILE: admin/language/ru-ru/marketing/affiliate.php
CODE: ?php
LINE: 37

FILE: admin/language/ru-ru/common/header.php
CODE: ?php
LINE: 4

FILE: admin/language/ru-ru/extension/module/affiliate.php
CODE: ?php
LINE: 41

FILE: admin/language/ru-ru/mail/affiliate.php
CODE: ?php
LINE: 3

FILE: catalog/language/ru-ru/affiliate/account.php
CODE: ?php
LINE: 9

FILE: catalog/language/ru-ru/affiliate/payment.php
CODE: ?php
LINE: 55

FILE: catalog/language/ru-ru/affiliate/register.php
CODE: ?php
LINE: 55

FILE: catalog/language/ru-ru/affiliate/tracking.php
CODE: ?php
LINE: 5

FILE: catalog/language/ru-ru/mail/affiliate.php
CODE: ?php
LINE: 10
----------------------------------------------------------------
MOD: Partner Discount
CODE: public function index() {
LINE: 27
CODE: <?php if ($price) { ?>
LINE: 200
CODE: $data['description'] = html_entity_decode($product_info['description'], ENT_QUOTES, 'UTF-8');
LINE: 372

FILE: catalog/controller/startup/startup.php
CODE: if (isset($this->request->get['store_id'])) {
LINE: 25
----------------------------------------------------------------
MOD: Extra Contact Us 2.3
CODE: $mail->setText($this->request->post['enquiry']);
LINE: 24

FILE: catalog/language/ru-ru/information/contact.php
CODE: $_['entry_enquiry']  = 'Сообщение';
LINE: 25
----------------------------------------------------------------
MOD: 1 simple url rewrite
CODE: new Url
LINE: 51
CODE: newUrl
NOT FOUND - OPERATION SKIPPED!
----------------------------------------------------------------
